{"/home/usuario/dsi/practica6/src/ejercicio-1/combat.ts":{"path":"/home/usuario/dsi/practica6/src/ejercicio-1/combat.ts","statementMap":{"0":{"start":{"line":2,"column":0},"end":{"line":2,"column":62}},"1":{"start":{"line":3,"column":0},"end":{"line":3,"column":24}},"2":{"start":{"line":4,"column":18},"end":{"line":4,"column":38}},"3":{"start":{"line":5,"column":21},"end":{"line":5,"column":44}},"4":{"start":{"line":6,"column":19},"end":{"line":6,"column":40}},"5":{"start":{"line":7,"column":17},"end":{"line":7,"column":36}},"6":{"start":{"line":8,"column":13},"end":{"line":8,"column":28}},"7":{"start":{"line":19,"column":8},"end":{"line":19,"column":41}},"8":{"start":{"line":20,"column":8},"end":{"line":20,"column":41}},"9":{"start":{"line":35,"column":28},"end":{"line":35,"column":29}},"10":{"start":{"line":36,"column":20},"end":{"line":36,"column":22}},"11":{"start":{"line":37,"column":20},"end":{"line":37,"column":22}},"12":{"start":{"line":38,"column":8},"end":{"line":38,"column":44}},"13":{"start":{"line":39,"column":8},"end":{"line":39,"column":44}},"14":{"start":{"line":40,"column":8},"end":{"line":51,"column":9}},"15":{"start":{"line":41,"column":12},"end":{"line":42,"column":34}},"16":{"start":{"line":42,"column":16},"end":{"line":42,"column":34}},"17":{"start":{"line":43,"column":12},"end":{"line":44,"column":36}},"18":{"start":{"line":44,"column":16},"end":{"line":44,"column":36}},"19":{"start":{"line":45,"column":12},"end":{"line":46,"column":34}},"20":{"start":{"line":46,"column":16},"end":{"line":46,"column":34}},"21":{"start":{"line":47,"column":12},"end":{"line":48,"column":34}},"22":{"start":{"line":48,"column":16},"end":{"line":48,"column":34}},"23":{"start":{"line":49,"column":12},"end":{"line":50,"column":34}},"24":{"start":{"line":50,"column":16},"end":{"line":50,"column":34}},"25":{"start":{"line":52,"column":8},"end":{"line":63,"column":9}},"26":{"start":{"line":53,"column":12},"end":{"line":54,"column":34}},"27":{"start":{"line":54,"column":16},"end":{"line":54,"column":34}},"28":{"start":{"line":55,"column":12},"end":{"line":56,"column":34}},"29":{"start":{"line":56,"column":16},"end":{"line":56,"column":34}},"30":{"start":{"line":57,"column":12},"end":{"line":58,"column":36}},"31":{"start":{"line":58,"column":16},"end":{"line":58,"column":36}},"32":{"start":{"line":59,"column":12},"end":{"line":60,"column":36}},"33":{"start":{"line":60,"column":16},"end":{"line":60,"column":36}},"34":{"start":{"line":61,"column":12},"end":{"line":62,"column":34}},"35":{"start":{"line":62,"column":16},"end":{"line":62,"column":34}},"36":{"start":{"line":64,"column":8},"end":{"line":75,"column":9}},"37":{"start":{"line":65,"column":12},"end":{"line":66,"column":34}},"38":{"start":{"line":66,"column":16},"end":{"line":66,"column":34}},"39":{"start":{"line":67,"column":12},"end":{"line":68,"column":34}},"40":{"start":{"line":68,"column":16},"end":{"line":68,"column":34}},"41":{"start":{"line":69,"column":12},"end":{"line":70,"column":34}},"42":{"start":{"line":70,"column":16},"end":{"line":70,"column":34}},"43":{"start":{"line":71,"column":12},"end":{"line":72,"column":34}},"44":{"start":{"line":72,"column":16},"end":{"line":72,"column":34}},"45":{"start":{"line":73,"column":12},"end":{"line":74,"column":36}},"46":{"start":{"line":74,"column":16},"end":{"line":74,"column":36}},"47":{"start":{"line":76,"column":8},"end":{"line":87,"column":9}},"48":{"start":{"line":77,"column":12},"end":{"line":78,"column":36}},"49":{"start":{"line":78,"column":16},"end":{"line":78,"column":36}},"50":{"start":{"line":79,"column":12},"end":{"line":80,"column":34}},"51":{"start":{"line":80,"column":16},"end":{"line":80,"column":34}},"52":{"start":{"line":81,"column":12},"end":{"line":82,"column":36}},"53":{"start":{"line":82,"column":16},"end":{"line":82,"column":36}},"54":{"start":{"line":83,"column":12},"end":{"line":84,"column":34}},"55":{"start":{"line":84,"column":16},"end":{"line":84,"column":34}},"56":{"start":{"line":85,"column":12},"end":{"line":86,"column":34}},"57":{"start":{"line":86,"column":16},"end":{"line":86,"column":34}},"58":{"start":{"line":88,"column":8},"end":{"line":129,"column":9}},"59":{"start":{"line":89,"column":12},"end":{"line":90,"column":36}},"60":{"start":{"line":90,"column":16},"end":{"line":90,"column":36}},"61":{"start":{"line":91,"column":12},"end":{"line":92,"column":36}},"62":{"start":{"line":92,"column":16},"end":{"line":92,"column":36}},"63":{"start":{"line":93,"column":12},"end":{"line":94,"column":34}},"64":{"start":{"line":94,"column":16},"end":{"line":94,"column":34}},"65":{"start":{"line":95,"column":12},"end":{"line":96,"column":34}},"66":{"start":{"line":96,"column":16},"end":{"line":96,"column":34}},"67":{"start":{"line":97,"column":12},"end":{"line":128,"column":13}},"68":{"start":{"line":98,"column":16},"end":{"line":127,"column":17}},"69":{"start":{"line":99,"column":20},"end":{"line":100,"column":42}},"70":{"start":{"line":100,"column":24},"end":{"line":100,"column":42}},"71":{"start":{"line":101,"column":20},"end":{"line":102,"column":42}},"72":{"start":{"line":102,"column":24},"end":{"line":102,"column":42}},"73":{"start":{"line":103,"column":20},"end":{"line":104,"column":44}},"74":{"start":{"line":104,"column":24},"end":{"line":104,"column":44}},"75":{"start":{"line":106,"column":21},"end":{"line":127,"column":17}},"76":{"start":{"line":107,"column":20},"end":{"line":108,"column":42}},"77":{"start":{"line":108,"column":24},"end":{"line":108,"column":42}},"78":{"start":{"line":109,"column":20},"end":{"line":110,"column":42}},"79":{"start":{"line":110,"column":24},"end":{"line":110,"column":42}},"80":{"start":{"line":111,"column":20},"end":{"line":112,"column":44}},"81":{"start":{"line":112,"column":24},"end":{"line":112,"column":44}},"82":{"start":{"line":114,"column":21},"end":{"line":127,"column":17}},"83":{"start":{"line":115,"column":20},"end":{"line":116,"column":42}},"84":{"start":{"line":116,"column":24},"end":{"line":116,"column":42}},"85":{"start":{"line":117,"column":20},"end":{"line":118,"column":42}},"86":{"start":{"line":118,"column":24},"end":{"line":118,"column":42}},"87":{"start":{"line":119,"column":20},"end":{"line":120,"column":44}},"88":{"start":{"line":120,"column":24},"end":{"line":120,"column":44}},"89":{"start":{"line":122,"column":21},"end":{"line":127,"column":17}},"90":{"start":{"line":123,"column":20},"end":{"line":124,"column":42}},"91":{"start":{"line":124,"column":24},"end":{"line":124,"column":42}},"92":{"start":{"line":125,"column":20},"end":{"line":126,"column":42}},"93":{"start":{"line":126,"column":24},"end":{"line":126,"column":42}},"94":{"start":{"line":130,"column":27},"end":{"line":130,"column":49}},"95":{"start":{"line":131,"column":8},"end":{"line":131,"column":48}},"96":{"start":{"line":132,"column":8},"end":{"line":132,"column":28}},"97":{"start":{"line":144,"column":8},"end":{"line":144,"column":60}},"98":{"start":{"line":145,"column":8},"end":{"line":146,"column":51}},"99":{"start":{"line":147,"column":8},"end":{"line":147,"column":53}},"100":{"start":{"line":148,"column":20},"end":{"line":148,"column":89}},"101":{"start":{"line":149,"column":20},"end":{"line":149,"column":89}},"102":{"start":{"line":150,"column":26},"end":{"line":150,"column":27}},"103":{"start":{"line":151,"column":26},"end":{"line":151,"column":27}},"104":{"start":{"line":152,"column":8},"end":{"line":152,"column":102}},"105":{"start":{"line":153,"column":8},"end":{"line":153,"column":102}},"106":{"start":{"line":154,"column":8},"end":{"line":171,"column":9}},"107":{"start":{"line":155,"column":12},"end":{"line":155,"column":107}},"108":{"start":{"line":156,"column":12},"end":{"line":156,"column":60}},"109":{"start":{"line":157,"column":12},"end":{"line":157,"column":49}},"110":{"start":{"line":158,"column":12},"end":{"line":161,"column":80}},"111":{"start":{"line":159,"column":16},"end":{"line":159,"column":119}},"112":{"start":{"line":161,"column":16},"end":{"line":161,"column":80}},"113":{"start":{"line":162,"column":12},"end":{"line":170,"column":13}},"114":{"start":{"line":163,"column":16},"end":{"line":163,"column":111}},"115":{"start":{"line":164,"column":16},"end":{"line":164,"column":64}},"116":{"start":{"line":165,"column":16},"end":{"line":165,"column":53}},"117":{"start":{"line":166,"column":16},"end":{"line":169,"column":84}},"118":{"start":{"line":167,"column":20},"end":{"line":167,"column":123}},"119":{"start":{"line":169,"column":20},"end":{"line":169,"column":84}},"120":{"start":{"line":172,"column":8},"end":{"line":181,"column":9}},"121":{"start":{"line":173,"column":12},"end":{"line":173,"column":30}},"122":{"start":{"line":174,"column":29},"end":{"line":174,"column":121}},"123":{"start":{"line":175,"column":12},"end":{"line":175,"column":29}},"124":{"start":{"line":178,"column":12},"end":{"line":178,"column":30}},"125":{"start":{"line":179,"column":29},"end":{"line":179,"column":121}},"126":{"start":{"line":180,"column":12},"end":{"line":180,"column":29}},"127":{"start":{"line":184,"column":0},"end":{"line":184,"column":24}},"128":{"start":{"line":185,"column":16},"end":{"line":185,"column":95}},"129":{"start":{"line":186,"column":15},"end":{"line":186,"column":94}},"130":{"start":{"line":187,"column":11},"end":{"line":187,"column":94}},"131":{"start":{"line":188,"column":11},"end":{"line":188,"column":85}},"132":{"start":{"line":189,"column":11},"end":{"line":189,"column":83}},"133":{"start":{"line":190,"column":15},"end":{"line":190,"column":78}},"134":{"start":{"line":191,"column":15},"end":{"line":191,"column":37}},"135":{"start":{"line":192,"column":0},"end":{"line":192,"column":30}}},"fnMap":{"0":{"name":"(anonymous_0)","decl":{"start":{"line":18,"column":4},"end":{"line":18,"column":5}},"loc":{"start":{"line":18,"column":44},"end":{"line":21,"column":5}},"line":18},"1":{"name":"(anonymous_1)","decl":{"start":{"line":34,"column":4},"end":{"line":34,"column":5}},"loc":{"start":{"line":34,"column":42},"end":{"line":133,"column":5}},"line":34},"2":{"name":"(anonymous_2)","decl":{"start":{"line":143,"column":4},"end":{"line":143,"column":5}},"loc":{"start":{"line":143,"column":12},"end":{"line":182,"column":5}},"line":143}},"branchMap":{"0":{"loc":{"start":{"line":40,"column":8},"end":{"line":51,"column":9}},"type":"if","locations":[{"start":{"line":40,"column":8},"end":{"line":51,"column":9}},{"start":{"line":40,"column":8},"end":{"line":51,"column":9}}],"line":40},"1":{"loc":{"start":{"line":41,"column":12},"end":{"line":42,"column":34}},"type":"if","locations":[{"start":{"line":41,"column":12},"end":{"line":42,"column":34}},{"start":{"line":41,"column":12},"end":{"line":42,"column":34}}],"line":41},"2":{"loc":{"start":{"line":43,"column":12},"end":{"line":44,"column":36}},"type":"if","locations":[{"start":{"line":43,"column":12},"end":{"line":44,"column":36}},{"start":{"line":43,"column":12},"end":{"line":44,"column":36}}],"line":43},"3":{"loc":{"start":{"line":45,"column":12},"end":{"line":46,"column":34}},"type":"if","locations":[{"start":{"line":45,"column":12},"end":{"line":46,"column":34}},{"start":{"line":45,"column":12},"end":{"line":46,"column":34}}],"line":45},"4":{"loc":{"start":{"line":47,"column":12},"end":{"line":48,"column":34}},"type":"if","locations":[{"start":{"line":47,"column":12},"end":{"line":48,"column":34}},{"start":{"line":47,"column":12},"end":{"line":48,"column":34}}],"line":47},"5":{"loc":{"start":{"line":49,"column":12},"end":{"line":50,"column":34}},"type":"if","locations":[{"start":{"line":49,"column":12},"end":{"line":50,"column":34}},{"start":{"line":49,"column":12},"end":{"line":50,"column":34}}],"line":49},"6":{"loc":{"start":{"line":52,"column":8},"end":{"line":63,"column":9}},"type":"if","locations":[{"start":{"line":52,"column":8},"end":{"line":63,"column":9}},{"start":{"line":52,"column":8},"end":{"line":63,"column":9}}],"line":52},"7":{"loc":{"start":{"line":53,"column":12},"end":{"line":54,"column":34}},"type":"if","locations":[{"start":{"line":53,"column":12},"end":{"line":54,"column":34}},{"start":{"line":53,"column":12},"end":{"line":54,"column":34}}],"line":53},"8":{"loc":{"start":{"line":55,"column":12},"end":{"line":56,"column":34}},"type":"if","locations":[{"start":{"line":55,"column":12},"end":{"line":56,"column":34}},{"start":{"line":55,"column":12},"end":{"line":56,"column":34}}],"line":55},"9":{"loc":{"start":{"line":57,"column":12},"end":{"line":58,"column":36}},"type":"if","locations":[{"start":{"line":57,"column":12},"end":{"line":58,"column":36}},{"start":{"line":57,"column":12},"end":{"line":58,"column":36}}],"line":57},"10":{"loc":{"start":{"line":59,"column":12},"end":{"line":60,"column":36}},"type":"if","locations":[{"start":{"line":59,"column":12},"end":{"line":60,"column":36}},{"start":{"line":59,"column":12},"end":{"line":60,"column":36}}],"line":59},"11":{"loc":{"start":{"line":61,"column":12},"end":{"line":62,"column":34}},"type":"if","locations":[{"start":{"line":61,"column":12},"end":{"line":62,"column":34}},{"start":{"line":61,"column":12},"end":{"line":62,"column":34}}],"line":61},"12":{"loc":{"start":{"line":64,"column":8},"end":{"line":75,"column":9}},"type":"if","locations":[{"start":{"line":64,"column":8},"end":{"line":75,"column":9}},{"start":{"line":64,"column":8},"end":{"line":75,"column":9}}],"line":64},"13":{"loc":{"start":{"line":65,"column":12},"end":{"line":66,"column":34}},"type":"if","locations":[{"start":{"line":65,"column":12},"end":{"line":66,"column":34}},{"start":{"line":65,"column":12},"end":{"line":66,"column":34}}],"line":65},"14":{"loc":{"start":{"line":67,"column":12},"end":{"line":68,"column":34}},"type":"if","locations":[{"start":{"line":67,"column":12},"end":{"line":68,"column":34}},{"start":{"line":67,"column":12},"end":{"line":68,"column":34}}],"line":67},"15":{"loc":{"start":{"line":69,"column":12},"end":{"line":70,"column":34}},"type":"if","locations":[{"start":{"line":69,"column":12},"end":{"line":70,"column":34}},{"start":{"line":69,"column":12},"end":{"line":70,"column":34}}],"line":69},"16":{"loc":{"start":{"line":71,"column":12},"end":{"line":72,"column":34}},"type":"if","locations":[{"start":{"line":71,"column":12},"end":{"line":72,"column":34}},{"start":{"line":71,"column":12},"end":{"line":72,"column":34}}],"line":71},"17":{"loc":{"start":{"line":73,"column":12},"end":{"line":74,"column":36}},"type":"if","locations":[{"start":{"line":73,"column":12},"end":{"line":74,"column":36}},{"start":{"line":73,"column":12},"end":{"line":74,"column":36}}],"line":73},"18":{"loc":{"start":{"line":76,"column":8},"end":{"line":87,"column":9}},"type":"if","locations":[{"start":{"line":76,"column":8},"end":{"line":87,"column":9}},{"start":{"line":76,"column":8},"end":{"line":87,"column":9}}],"line":76},"19":{"loc":{"start":{"line":77,"column":12},"end":{"line":78,"column":36}},"type":"if","locations":[{"start":{"line":77,"column":12},"end":{"line":78,"column":36}},{"start":{"line":77,"column":12},"end":{"line":78,"column":36}}],"line":77},"20":{"loc":{"start":{"line":79,"column":12},"end":{"line":80,"column":34}},"type":"if","locations":[{"start":{"line":79,"column":12},"end":{"line":80,"column":34}},{"start":{"line":79,"column":12},"end":{"line":80,"column":34}}],"line":79},"21":{"loc":{"start":{"line":81,"column":12},"end":{"line":82,"column":36}},"type":"if","locations":[{"start":{"line":81,"column":12},"end":{"line":82,"column":36}},{"start":{"line":81,"column":12},"end":{"line":82,"column":36}}],"line":81},"22":{"loc":{"start":{"line":83,"column":12},"end":{"line":84,"column":34}},"type":"if","locations":[{"start":{"line":83,"column":12},"end":{"line":84,"column":34}},{"start":{"line":83,"column":12},"end":{"line":84,"column":34}}],"line":83},"23":{"loc":{"start":{"line":85,"column":12},"end":{"line":86,"column":34}},"type":"if","locations":[{"start":{"line":85,"column":12},"end":{"line":86,"column":34}},{"start":{"line":85,"column":12},"end":{"line":86,"column":34}}],"line":85},"24":{"loc":{"start":{"line":88,"column":8},"end":{"line":129,"column":9}},"type":"if","locations":[{"start":{"line":88,"column":8},"end":{"line":129,"column":9}},{"start":{"line":88,"column":8},"end":{"line":129,"column":9}}],"line":88},"25":{"loc":{"start":{"line":89,"column":12},"end":{"line":90,"column":36}},"type":"if","locations":[{"start":{"line":89,"column":12},"end":{"line":90,"column":36}},{"start":{"line":89,"column":12},"end":{"line":90,"column":36}}],"line":89},"26":{"loc":{"start":{"line":91,"column":12},"end":{"line":92,"column":36}},"type":"if","locations":[{"start":{"line":91,"column":12},"end":{"line":92,"column":36}},{"start":{"line":91,"column":12},"end":{"line":92,"column":36}}],"line":91},"27":{"loc":{"start":{"line":93,"column":12},"end":{"line":94,"column":34}},"type":"if","locations":[{"start":{"line":93,"column":12},"end":{"line":94,"column":34}},{"start":{"line":93,"column":12},"end":{"line":94,"column":34}}],"line":93},"28":{"loc":{"start":{"line":95,"column":12},"end":{"line":96,"column":34}},"type":"if","locations":[{"start":{"line":95,"column":12},"end":{"line":96,"column":34}},{"start":{"line":95,"column":12},"end":{"line":96,"column":34}}],"line":95},"29":{"loc":{"start":{"line":97,"column":12},"end":{"line":128,"column":13}},"type":"if","locations":[{"start":{"line":97,"column":12},"end":{"line":128,"column":13}},{"start":{"line":97,"column":12},"end":{"line":128,"column":13}}],"line":97},"30":{"loc":{"start":{"line":98,"column":16},"end":{"line":127,"column":17}},"type":"if","locations":[{"start":{"line":98,"column":16},"end":{"line":127,"column":17}},{"start":{"line":98,"column":16},"end":{"line":127,"column":17}}],"line":98},"31":{"loc":{"start":{"line":99,"column":20},"end":{"line":100,"column":42}},"type":"if","locations":[{"start":{"line":99,"column":20},"end":{"line":100,"column":42}},{"start":{"line":99,"column":20},"end":{"line":100,"column":42}}],"line":99},"32":{"loc":{"start":{"line":101,"column":20},"end":{"line":102,"column":42}},"type":"if","locations":[{"start":{"line":101,"column":20},"end":{"line":102,"column":42}},{"start":{"line":101,"column":20},"end":{"line":102,"column":42}}],"line":101},"33":{"loc":{"start":{"line":101,"column":24},"end":{"line":101,"column":66}},"type":"binary-expr","locations":[{"start":{"line":101,"column":24},"end":{"line":101,"column":41}},{"start":{"line":101,"column":45},"end":{"line":101,"column":66}}],"line":101},"34":{"loc":{"start":{"line":103,"column":20},"end":{"line":104,"column":44}},"type":"if","locations":[{"start":{"line":103,"column":20},"end":{"line":104,"column":44}},{"start":{"line":103,"column":20},"end":{"line":104,"column":44}}],"line":103},"35":{"loc":{"start":{"line":106,"column":21},"end":{"line":127,"column":17}},"type":"if","locations":[{"start":{"line":106,"column":21},"end":{"line":127,"column":17}},{"start":{"line":106,"column":21},"end":{"line":127,"column":17}}],"line":106},"36":{"loc":{"start":{"line":107,"column":20},"end":{"line":108,"column":42}},"type":"if","locations":[{"start":{"line":107,"column":20},"end":{"line":108,"column":42}},{"start":{"line":107,"column":20},"end":{"line":108,"column":42}}],"line":107},"37":{"loc":{"start":{"line":109,"column":20},"end":{"line":110,"column":42}},"type":"if","locations":[{"start":{"line":109,"column":20},"end":{"line":110,"column":42}},{"start":{"line":109,"column":20},"end":{"line":110,"column":42}}],"line":109},"38":{"loc":{"start":{"line":111,"column":20},"end":{"line":112,"column":44}},"type":"if","locations":[{"start":{"line":111,"column":20},"end":{"line":112,"column":44}},{"start":{"line":111,"column":20},"end":{"line":112,"column":44}}],"line":111},"39":{"loc":{"start":{"line":111,"column":24},"end":{"line":111,"column":67}},"type":"binary-expr","locations":[{"start":{"line":111,"column":24},"end":{"line":111,"column":42}},{"start":{"line":111,"column":46},"end":{"line":111,"column":67}}],"line":111},"40":{"loc":{"start":{"line":114,"column":21},"end":{"line":127,"column":17}},"type":"if","locations":[{"start":{"line":114,"column":21},"end":{"line":127,"column":17}},{"start":{"line":114,"column":21},"end":{"line":127,"column":17}}],"line":114},"41":{"loc":{"start":{"line":115,"column":20},"end":{"line":116,"column":42}},"type":"if","locations":[{"start":{"line":115,"column":20},"end":{"line":116,"column":42}},{"start":{"line":115,"column":20},"end":{"line":116,"column":42}}],"line":115},"42":{"loc":{"start":{"line":117,"column":20},"end":{"line":118,"column":42}},"type":"if","locations":[{"start":{"line":117,"column":20},"end":{"line":118,"column":42}},{"start":{"line":117,"column":20},"end":{"line":118,"column":42}}],"line":117},"43":{"loc":{"start":{"line":117,"column":24},"end":{"line":117,"column":67}},"type":"binary-expr","locations":[{"start":{"line":117,"column":24},"end":{"line":117,"column":42}},{"start":{"line":117,"column":46},"end":{"line":117,"column":67}}],"line":117},"44":{"loc":{"start":{"line":119,"column":20},"end":{"line":120,"column":44}},"type":"if","locations":[{"start":{"line":119,"column":20},"end":{"line":120,"column":44}},{"start":{"line":119,"column":20},"end":{"line":120,"column":44}}],"line":119},"45":{"loc":{"start":{"line":122,"column":21},"end":{"line":127,"column":17}},"type":"if","locations":[{"start":{"line":122,"column":21},"end":{"line":127,"column":17}},{"start":{"line":122,"column":21},"end":{"line":127,"column":17}}],"line":122},"46":{"loc":{"start":{"line":123,"column":20},"end":{"line":124,"column":42}},"type":"if","locations":[{"start":{"line":123,"column":20},"end":{"line":124,"column":42}},{"start":{"line":123,"column":20},"end":{"line":124,"column":42}}],"line":123},"47":{"loc":{"start":{"line":125,"column":20},"end":{"line":126,"column":42}},"type":"if","locations":[{"start":{"line":125,"column":20},"end":{"line":126,"column":42}},{"start":{"line":125,"column":20},"end":{"line":126,"column":42}}],"line":125},"48":{"loc":{"start":{"line":125,"column":24},"end":{"line":125,"column":88}},"type":"binary-expr","locations":[{"start":{"line":125,"column":24},"end":{"line":125,"column":45}},{"start":{"line":125,"column":49},"end":{"line":125,"column":67}},{"start":{"line":125,"column":71},"end":{"line":125,"column":88}}],"line":125},"49":{"loc":{"start":{"line":154,"column":15},"end":{"line":154,"column":81}},"type":"binary-expr","locations":[{"start":{"line":154,"column":16},"end":{"line":154,"column":45}},{"start":{"line":154,"column":51},"end":{"line":154,"column":80}}],"line":154},"50":{"loc":{"start":{"line":158,"column":12},"end":{"line":161,"column":80}},"type":"if","locations":[{"start":{"line":158,"column":12},"end":{"line":161,"column":80}},{"start":{"line":158,"column":12},"end":{"line":161,"column":80}}],"line":158},"51":{"loc":{"start":{"line":162,"column":12},"end":{"line":170,"column":13}},"type":"if","locations":[{"start":{"line":162,"column":12},"end":{"line":170,"column":13}},{"start":{"line":162,"column":12},"end":{"line":170,"column":13}}],"line":162},"52":{"loc":{"start":{"line":166,"column":16},"end":{"line":169,"column":84}},"type":"if","locations":[{"start":{"line":166,"column":16},"end":{"line":169,"column":84}},{"start":{"line":166,"column":16},"end":{"line":169,"column":84}}],"line":166},"53":{"loc":{"start":{"line":172,"column":8},"end":{"line":181,"column":9}},"type":"if","locations":[{"start":{"line":172,"column":8},"end":{"line":181,"column":9}},{"start":{"line":172,"column":8},"end":{"line":181,"column":9}}],"line":172}},"s":{"0":1,"1":1,"2":1,"3":1,"4":1,"5":1,"6":1,"7":5,"8":5,"9":6,"10":6,"11":6,"12":6,"13":6,"14":6,"15":1,"16":0,"17":1,"18":0,"19":1,"20":1,"21":1,"22":0,"23":1,"24":0,"25":6,"26":1,"27":0,"28":1,"29":0,"30":1,"31":0,"32":1,"33":1,"34":1,"35":0,"36":6,"37":2,"38":2,"39":2,"40":0,"41":2,"42":0,"43":2,"44":0,"45":2,"46":0,"47":6,"48":1,"49":0,"50":1,"51":1,"52":1,"53":0,"54":1,"55":0,"56":1,"57":0,"58":6,"59":1,"60":0,"61":1,"62":0,"63":1,"64":0,"65":1,"66":0,"67":1,"68":1,"69":1,"70":1,"71":1,"72":0,"73":1,"74":0,"75":0,"76":0,"77":0,"78":0,"79":0,"80":0,"81":0,"82":0,"83":0,"84":0,"85":0,"86":0,"87":0,"88":0,"89":0,"90":0,"91":0,"92":0,"93":0,"94":6,"95":6,"96":6,"97":2,"98":2,"99":2,"100":2,"101":2,"102":2,"103":2,"104":2,"105":2,"106":2,"107":5,"108":5,"109":5,"110":5,"111":4,"112":1,"113":5,"114":4,"115":4,"116":4,"117":4,"118":3,"119":1,"120":2,"121":1,"122":1,"123":1,"124":1,"125":1,"126":1,"127":1,"128":1,"129":1,"130":1,"131":1,"132":1,"133":1,"134":1,"135":1},"f":{"0":5,"1":6,"2":2},"b":{"0":[1,5],"1":[0,1],"2":[0,1],"3":[1,0],"4":[0,1],"5":[0,1],"6":[1,5],"7":[0,1],"8":[0,1],"9":[0,1],"10":[1,0],"11":[0,1],"12":[2,4],"13":[2,0],"14":[0,2],"15":[0,2],"16":[0,2],"17":[0,2],"18":[1,5],"19":[0,1],"20":[1,0],"21":[0,1],"22":[0,1],"23":[0,1],"24":[1,5],"25":[0,1],"26":[0,1],"27":[0,1],"28":[0,1],"29":[1,0],"30":[1,0],"31":[1,0],"32":[0,1],"33":[1,1],"34":[0,1],"35":[0,0],"36":[0,0],"37":[0,0],"38":[0,0],"39":[0,0],"40":[0,0],"41":[0,0],"42":[0,0],"43":[0,0],"44":[0,0],"45":[0,0],"46":[0,0],"47":[0,0],"48":[0,0,0],"49":[7,6],"50":[4,1],"51":[4,1],"52":[3,1],"53":[1,1]},"inputSourceMap":{"version":3,"file":"/home/usuario/dsi/practica6/src/ejercicio-1/combat.ts","sources":["/home/usuario/dsi/practica6/src/ejercicio-1/combat.ts"],"names":[],"mappings":";;;AACA,uCAAoC;AACpC,6CAA0C;AAC1C,yCAAsC;AACtC,qCAAkC;AAClC,6BAA0B;AAE1B;;GAEG;AACH,MAAa,MAAM;IAEnB;;;;OAIG;IACD,YAAmB,YAAqB,EAAS,YAAqB;QAAnD,iBAAY,GAAZ,YAAY,CAAS;QAAS,iBAAY,GAAZ,YAAY,CAAS;IAAG,CAAC;IAE5E;;;;;;;;;;;OAWG;IACM,OAAO,CAAC,SAAiB,EAAE,SAAiB,EAAE,MAAc;QAEjE,IAAI,aAAa,GAAW,CAAC,CAAC;QAC9B,IAAI,KAAK,GAAW,EAAE,CAAC;QACvB,IAAI,KAAK,GAAW,EAAE,CAAC;QACvB,KAAK,GAAG,IAAI,CAAC,YAAY,CAAC,OAAO,EAAE,CAAC;QACpC,KAAK,GAAG,IAAI,CAAC,YAAY,CAAC,OAAO,EAAE,CAAC;QAEpC,IAAI,SAAS,KAAK,YAAY,EAAE;YAC9B,IAAI,SAAS,KAAK,YAAY;gBAC5B,aAAa,GAAG,CAAC,CAAC;YACpB,IAAI,SAAS,KAAK,UAAU;gBAC1B,aAAa,GAAG,GAAG,CAAC;YACtB,IAAI,SAAS,KAAK,QAAQ;gBACxB,aAAa,GAAG,CAAC,CAAC;YACpB,IAAI,SAAS,KAAK,IAAI;gBACpB,aAAa,GAAG,CAAC,CAAC;YACpB,IAAI,SAAS,KAAK,SAAS;gBACzB,aAAa,GAAG,CAAC,CAAC;SACrB;QACD,IAAI,SAAS,KAAK,UAAU,EAAE;YAC5B,IAAI,SAAS,KAAK,YAAY;gBAC5B,aAAa,GAAG,CAAC,CAAC;YACpB,IAAI,SAAS,KAAK,UAAU;gBAC1B,aAAa,GAAG,CAAC,CAAC;YACpB,IAAI,SAAS,KAAK,QAAQ;gBACxB,aAAa,GAAG,GAAG,CAAC;YACtB,IAAI,SAAS,KAAK,IAAI;gBACpB,aAAa,GAAG,GAAG,CAAC;YACtB,IAAI,SAAS,KAAK,SAAS;gBACzB,aAAa,GAAG,CAAC,CAAC;SACrB;QACD,IAAI,SAAS,KAAK,QAAQ,EAAE;YAC1B,IAAI,SAAS,KAAK,YAAY;gBAC5B,aAAa,GAAG,CAAC,CAAC;YACpB,IAAI,SAAS,KAAK,UAAU;gBAC1B,aAAa,GAAG,CAAC,CAAC;YACpB,IAAI,SAAS,KAAK,QAAQ;gBACxB,aAAa,GAAG,CAAC,CAAC;YACpB,IAAI,SAAS,KAAK,IAAI;gBACpB,aAAa,GAAG,CAAC,CAAC;YACpB,IAAI,SAAS,KAAK,SAAS;gBACzB,aAAa,GAAG,GAAG,CAAC;SACvB;QACD,IAAI,SAAS,KAAK,IAAI,EAAE;YACtB,IAAI,SAAS,KAAK,YAAY;gBAC5B,aAAa,GAAG,GAAG,CAAC;YACtB,IAAI,SAAS,KAAK,UAAU;gBAC1B,aAAa,GAAG,CAAC,CAAC;YACpB,IAAI,SAAS,KAAK,QAAQ;gBACxB,aAAa,GAAG,GAAG,CAAC;YACtB,IAAI,SAAS,KAAK,IAAI;gBACpB,aAAa,GAAG,CAAC,CAAC;YACpB,IAAI,SAAS,KAAK,SAAS;gBACzB,aAAa,GAAG,CAAC,CAAC;SACrB;QACD,IAAI,SAAS,KAAK,SAAS,EAAG;YAC5B,IAAI,SAAS,KAAK,YAAY;gBAC5B,aAAa,GAAG,GAAG,CAAC;YACtB,IAAI,SAAS,KAAK,UAAU;gBAC1B,aAAa,GAAG,GAAG,CAAC;YACtB,IAAI,SAAS,KAAK,QAAQ;gBACxB,aAAa,GAAG,CAAC,CAAC;YACpB,IAAI,SAAS,KAAK,IAAI;gBACpB,aAAa,GAAG,CAAC,CAAC;YACpB,IAAI,SAAS,KAAK,SAAS,EAAE;gBAC3B,IAAI,KAAK,KAAK,OAAO,EAAE;oBACrB,IAAI,KAAK,KAAK,QAAQ;wBACpB,aAAa,GAAG,CAAC,CAAC;oBACpB,IAAI,KAAK,KAAK,OAAO,IAAI,KAAK,KAAK,WAAW;wBAC5C,aAAa,GAAG,CAAC,CAAC;oBACpB,IAAI,KAAK,KAAK,MAAM;wBAClB,aAAa,GAAG,GAAG,CAAC;iBACvB;qBACI,IAAI,KAAK,KAAK,MAAM,EAAE;oBACzB,IAAI,KAAK,KAAK,OAAO;wBACnB,aAAa,GAAG,CAAC,CAAC;oBACpB,IAAI,KAAK,KAAK,MAAM;wBAClB,aAAa,GAAG,CAAC,CAAC;oBACpB,IAAI,KAAK,KAAK,QAAQ,IAAI,KAAK,KAAK,WAAW;wBAC7C,aAAa,GAAG,GAAG,CAAC;iBACvB;qBACI,IAAI,KAAK,KAAK,QAAQ,EAAE;oBAC3B,IAAI,KAAK,KAAK,MAAM;wBAClB,aAAa,GAAG,CAAC,CAAC;oBACpB,IAAI,KAAK,KAAK,QAAQ,IAAI,KAAK,KAAK,WAAW;wBAC7C,aAAa,GAAG,CAAC,CAAC;oBACpB,IAAI,KAAK,KAAK,OAAO;wBACnB,aAAa,GAAG,GAAG,CAAC;iBACvB;qBACI,IAAI,KAAK,KAAK,WAAW,EAAE;oBAC9B,IAAI,KAAK,KAAK,MAAM;wBAClB,aAAa,GAAG,CAAC,CAAC;oBACpB,IAAI,KAAK,KAAK,WAAW,IAAI,KAAK,KAAK,QAAQ,IAAI,KAAK,KAAK,OAAO;wBAClE,aAAa,GAAG,CAAC,CAAC;iBACrB;aACF;SACF;QACD,IAAI,YAAY,GAAW,aAAa,GAAG,MAAM,CAAC;QAClD,YAAY,GAAG,IAAI,CAAC,KAAK,CAAC,YAAY,CAAC,CAAC;QACxC,OAAO,YAAY,CAAC;IACtB,CAAC;IAEH;;;;;;;;OAQG;IACM,KAAK;QAEV,OAAO,CAAC,GAAG,CAAC,sCAAsC,CAAC,CAAC;QACpD,OAAO,CAAC,GAAG,CAAC,iCAAiC,GAAG,IAAI,CAAC,YAAY,CAAC,SAAS,EAAE,GAAG,UAAU;cACtF,IAAI,CAAC,YAAY,CAAC,SAAS,EAAE,GAAG,GAAG,CAAC,CAAC;QACzC,OAAO,CAAC,GAAG,CAAC,+BAA+B,CAAC,CAAC;QAE7C,IAAI,KAAK,GAAW,EAAE,GAAG,CAAC,IAAI,CAAC,YAAY,CAAC,SAAS,EAAE,GAAG,IAAI,CAAC,YAAY,CAAC,UAAU,EAAE,CAAC,CAAC;QAC1F,IAAI,KAAK,GAAW,EAAE,GAAG,CAAC,IAAI,CAAC,YAAY,CAAC,SAAS,EAAE,GAAG,IAAI,CAAC,YAAY,CAAC,UAAU,EAAE,CAAC,CAAC;QAC1F,IAAI,WAAW,GAAW,CAAC,CAAC;QAC5B,IAAI,WAAW,GAAW,CAAC,CAAC;QAE5B,KAAK,GAAG,IAAI,CAAC,OAAO,CAAC,IAAI,CAAC,YAAY,CAAC,WAAW,EAAE,EAAC,IAAI,CAAC,YAAY,CAAC,WAAW,EAAE,EAAC,KAAK,CAAC,CAAC;QAC5F,KAAK,GAAG,IAAI,CAAC,OAAO,CAAC,IAAI,CAAC,YAAY,CAAC,WAAW,EAAE,EAAC,IAAI,CAAC,YAAY,CAAC,WAAW,EAAE,EAAC,KAAK,CAAC,CAAC;QAE5F,OAAO,CAAC,IAAI,CAAC,YAAY,CAAC,KAAK,EAAE,GAAG,CAAC,CAAC,IAAI,CAAC,IAAI,CAAC,YAAY,CAAC,KAAK,EAAE,GAAG,CAAC,CAAC,EAAE;YAEzE,OAAO,CAAC,GAAG,CAAC,IAAI,CAAC,YAAY,CAAC,SAAS,EAAE,GAAG,WAAW,GAAG,IAAI,CAAC,YAAY,CAAC,SAAS,EAAE,GAAG,GAAG,CAAC,CAAC;YAE/F,WAAW,GAAG,IAAI,CAAC,YAAY,CAAC,KAAK,EAAE,GAAG,KAAK,CAAC;YAChD,IAAI,CAAC,YAAY,CAAC,KAAK,CAAC,WAAW,CAAC,CAAC;YAErC,IAAI,IAAI,CAAC,YAAY,CAAC,KAAK,EAAE,GAAG,CAAC;gBAC/B,OAAO,CAAC,GAAG,CAAC,IAAI,CAAC,YAAY,CAAC,SAAS,EAAE,GAAG,eAAe,GAAG,IAAI,CAAC,YAAY,CAAC,KAAK,EAAE,GAAE,WAAW,CAAC,CAAC;;gBAEtG,OAAO,CAAC,GAAG,CAAC,IAAI,CAAC,YAAY,CAAC,SAAS,EAAE,GAAG,kBAAkB,CAAC,CAAC;YAElE,IAAI,IAAI,CAAC,YAAY,CAAC,KAAK,EAAE,GAAG,CAAC,EAAE;gBACjC,OAAO,CAAC,GAAG,CAAC,IAAI,CAAC,YAAY,CAAC,SAAS,EAAE,GAAG,WAAW,GAAG,IAAI,CAAC,YAAY,CAAC,SAAS,EAAE,CAAC,GAAG,GAAG,CAAC;gBAC/F,WAAW,GAAG,IAAI,CAAC,YAAY,CAAC,KAAK,EAAE,GAAG,KAAK,CAAC;gBAChD,IAAI,CAAC,YAAY,CAAC,KAAK,CAAC,WAAW,CAAC,CAAC;gBAErC,IAAI,IAAI,CAAC,YAAY,CAAC,KAAK,EAAE,GAAG,CAAC;oBAC/B,OAAO,CAAC,GAAG,CAAC,IAAI,CAAC,YAAY,CAAC,SAAS,EAAE,GAAG,eAAe,GAAG,IAAI,CAAC,YAAY,CAAC,KAAK,EAAE,GAAE,WAAW,CAAC,CAAC;;oBAEtG,OAAO,CAAC,GAAG,CAAC,IAAI,CAAC,YAAY,CAAC,SAAS,EAAE,GAAG,kBAAkB,CAAC,CAAC;aACnE;SACF;QACD,IAAI,IAAI,CAAC,YAAY,CAAC,KAAK,EAAE,GAAG,CAAC,EAAE;YACjC,OAAO,CAAC,GAAG,CAAC,IAAI,CAAC,CAAC;YAClB,IAAI,SAAS,GAAW,CAAC,mDAAmD,GAAG,IAAI,CAAC,YAAY,CAAC,SAAS,EAAE,GAAG,MAAM,CAAC,CAAC;YACvH,OAAO,SAAS,CAAC;SAClB;aACI;YACH,OAAO,CAAC,GAAG,CAAC,IAAI,CAAC,CAAC;YAClB,IAAI,SAAS,GAAW,CAAC,mDAAmD,GAAG,IAAI,CAAC,YAAY,CAAC,SAAS,EAAE,GAAG,MAAM,CAAC,CAAC;YACvH,OAAO,SAAS,CAAC;SAClB;IACH,CAAC;CACF;AAtLD,wBAsLC;AAED,IAAI,SAAS,GAAY,IAAI,iBAAO,CAAC,WAAW,EAAE,EAAE,EAAE,EAAE,EAAE,OAAO,EAAE,EAAE,EAAE,EAAE,EAAE,EAAE,EAAE,GAAG,EAAE,SAAS,CAAC,CAAC;AAC/F,IAAI,QAAQ,GAAY,IAAI,iBAAO,CAAC,UAAU,EAAE,EAAE,EAAE,EAAE,EAAE,QAAQ,EAAE,EAAE,EAAE,EAAE,EAAE,EAAE,EAAE,GAAG,EAAE,SAAS,CAAC,CAAC;AAC9F,IAAI,IAAI,GAAe,IAAI,uBAAU,CAAC,MAAM,EAAE,EAAE,EAAE,EAAE,EAAE,OAAO,EAAE,EAAE,EAAE,EAAE,EAAE,EAAE,EAAE,GAAG,EAAE,YAAY,CAAC,CAAC;AAC9F,IAAI,IAAI,GAAa,IAAI,mBAAQ,CAAC,MAAM,EAAE,EAAE,EAAE,CAAC,EAAE,MAAM,EAAE,EAAE,EAAE,EAAE,EAAE,EAAE,EAAE,EAAE,EAAE,UAAU,CAAC,CAAC;AACrF,IAAI,IAAI,GAAW,IAAI,eAAM,CAAC,MAAM,EAAE,EAAE,EAAE,GAAG,EAAE,QAAQ,EAAE,EAAE,EAAE,EAAE,EAAE,CAAC,EAAE,GAAG,EAAE,QAAQ,CAAC,CAAC;AACnF,IAAI,QAAQ,GAAO,IAAI,OAAE,CAAC,UAAU,EAAE,EAAE,EAAE,EAAE,EAAE,OAAO,EAAE,EAAE,EAAE,EAAE,EAAE,EAAE,EAAE,GAAG,EAAE,IAAI,CAAC,CAAC;AAE9E,IAAI,QAAQ,GAAW,IAAI,MAAM,CAAC,IAAI,EAAE,IAAI,CAAC,CAAC;AAE9C,OAAO,CAAC,GAAG,CAAC,QAAQ,CAAC,KAAK,EAAE,CAAC,CAAC","sourcesContent":["import { Fighter } from \"./fighter\";\nimport { Pokemon } from \"./Pokemon\";\nimport { DragonBall } from \"./DragonBall\";\nimport { StarWars } from \"./StarWars\";\nimport { Marvel } from \"./Marvel\";\nimport { DC } from \"./DC\";\n\n/**\n * Esta es la clase Combat.\n */\nexport class Combat {\n\n/**\n * Constructor de la clase Combat.\n * @param combatiente1 Primer combatiente de la batalla.\n * @param combatiente2 Segundo combatiente de la batalla.\n */\n  constructor(public combatiente1: Fighter, public combatiente2: Fighter) {}\n\n/**\n * Esta función se encarga de calcular la eficacia y el daño de un ataque.\n * @param universo1 Es el universo al que pertenece el combatiente atacante.\n * @param universo2 Es el universo al que pertenece el combatiente defensor.\n * @param damage Es la cantidad de ataque que posee el combatiente atacante.\n * @return Devuelve el daño de ataque multiplicado por la efectividad.\n * \n * Usage:\n * ```typescript\n * combate(\"Marvel\", \"DragonBall\", 20) = 40\n * ```\n */\n  public combate(universo1: string, universo2: string, damage: number): number {\n  \n    let effectiveness: number = 0;\n    let typeA: string = \"\";\n    let typeB: string = \"\";\n    typeA = this.combatiente1.getTipo();\n    typeB = this.combatiente2.getTipo();\n  \n    if (universo1 === \"DragonBall\") {\n      if (universo2 === \"DragonBall\")\n        effectiveness = 1;\n      if (universo2 === \"StarWars\")\n        effectiveness = 0.5;\n      if (universo2 === \"Marvel\")\n        effectiveness = 1;\n      if (universo2 === \"DC\")\n        effectiveness = 2;\n      if (universo2 === \"Pokemon\")\n        effectiveness = 2;\n    }\n    if (universo1 === \"StarWars\") {\n      if (universo2 === \"DragonBall\")\n        effectiveness = 1;\n      if (universo2 === \"StarWars\")\n        effectiveness = 1;\n      if (universo2 === \"Marvel\")\n        effectiveness = 0.5;\n      if (universo2 === \"DC\")\n        effectiveness = 0.5;\n      if (universo2 === \"Pokemon\")\n        effectiveness = 2;\n    }\n    if (universo1 === \"Marvel\") {\n      if (universo2 === \"DragonBall\")\n        effectiveness = 1;\n      if (universo2 === \"StarWars\")\n        effectiveness = 2;\n      if (universo2 === \"Marvel\")\n        effectiveness = 1;\n      if (universo2 === \"DC\")\n        effectiveness = 2;\n      if (universo2 === \"Pokemon\")\n        effectiveness = 0.5;\n    }\n    if (universo1 === \"DC\") {\n      if (universo2 === \"DragonBall\")\n        effectiveness = 0.5;\n      if (universo2 === \"StarWars\")\n        effectiveness = 2;\n      if (universo2 === \"Marvel\")\n        effectiveness = 0.5;\n      if (universo2 === \"DC\")\n        effectiveness = 1;\n      if (universo2 === \"Pokemon\")\n        effectiveness = 1;\n    }\n    if (universo1 === \"Pokemon\" ) {\n      if (universo2 === \"DragonBall\")\n        effectiveness = 0.5;\n      if (universo2 === \"StarWars\")\n        effectiveness = 0.5;\n      if (universo2 === \"Marvel\")\n        effectiveness = 2;\n      if (universo2 === \"DC\")\n        effectiveness = 1;\n      if (universo2 === \"Pokemon\") {\n        if (typeA === \"fuego\") {\n          if (typeB === \"hierba\")\n            effectiveness = 2;\n          if (typeB === \"fuego\" || typeB === \"electrico\")\n            effectiveness = 1;\n          if (typeB === \"agua\")\n            effectiveness = 0.5;\n        }\n        else if (typeA === \"agua\") { \n          if (typeB === \"fuego\")\n            effectiveness = 2;\n          if (typeB === \"agua\")\n            effectiveness = 1;\n          if (typeB === \"hierba\" || typeB === \"electrico\")\n            effectiveness = 0.5;\n        }\n        else if (typeA === \"hierba\") {\n          if (typeB === \"agua\")\n            effectiveness = 2;\n          if (typeB === \"hierba\" || typeB === \"electrico\")\n            effectiveness = 1;\n          if (typeB === \"fuego\")\n            effectiveness = 0.5; \n        }\n        else if (typeA === \"electrico\") {\n          if (typeB === \"agua\")\n            effectiveness = 2;\n          if (typeB === \"electrico\" || typeB === \"hierba\" || typeB === \"fuego\")\n            effectiveness = 1;\n        }\n      }\n    }\n    let total_damage: number = effectiveness * damage;\n    total_damage = Math.round(total_damage);\n    return total_damage;\n  }\n\n/**\n * Esta función se encarga de simular todo el combate.\n * @return Devuelve quién ha sido el ganador.\n * \n * Usage:\n * ```typescript\n * combate() = \"El ganador del combate entre universos es... ¡¡¡¡Charizard!!!!\"\n * ```\n */\n  public start(): string {\n\n    console.log(\"\\n\\n¡Bienvenidos al combate pokemon!\");\n    console.log(\"En la batalla de hoy, lucharan \" + this.combatiente1.getNombre() + \" contra \"\n      + this.combatiente2.getNombre() + \".\");\n    console.log(\"¡QUE COMIENCE EL COMBATE!\\n\\n\");\n\n    let daño1: number = 50 * (this.combatiente1.getAtaque() / this.combatiente2.getDefensa());\n    let daño2: number = 50 * (this.combatiente2.getAtaque() / this.combatiente1.getDefensa());\n    let vida_nueva1: number = 0;\n    let vida_nueva2: number = 0;\n\n    daño1 = this.combate(this.combatiente1.getUniverso(),this.combatiente2.getUniverso(),daño1); \n    daño2 = this.combate(this.combatiente2.getUniverso(),this.combatiente1.getUniverso(),daño2);\n    \n    while ((this.combatiente1.getHp() > 0) && (this.combatiente2.getHp() > 0)) {\n\n      console.log(this.combatiente1.getNombre() + \" atacó a \" + this.combatiente2.getNombre() + \".\");\n\n      vida_nueva1 = this.combatiente2.getHp() - daño1;\n      this.combatiente2.setHp(vida_nueva1);\n      \n      if (this.combatiente2.getHp() > 0)\n        console.log(this.combatiente2.getNombre() + \" ahora tiene \" + this.combatiente2.getHp() +\" de vida.\");\n      else\n        console.log(this.combatiente2.getNombre() + \" se debilitó. :(\");\n\n      if (this.combatiente2.getHp() > 0) {\n        console.log(this.combatiente2.getNombre() + \" atacó a \" + this.combatiente1.getNombre()) + \".\";\n        vida_nueva2 = this.combatiente1.getHp() - daño2;\n        this.combatiente1.setHp(vida_nueva2);\n\n        if (this.combatiente1.getHp() > 0)\n          console.log(this.combatiente1.getNombre() + \" ahora tiene \" + this.combatiente1.getHp() +\" de vida.\");\n        else\n          console.log(this.combatiente1.getNombre() + \" se debilitó. :(\");\n      }\n    }\n    if (this.combatiente1.getHp() > 0) {\n      console.log(\"\\n\");\n      let resultado: string = (\"El ganador del combate entre universos es... ¡¡¡¡\" + this.combatiente1.getNombre() + \"!!!!\");\n      return resultado;\n    }\n    else {\n      console.log(\"\\n\");\n      let resultado: string = (\"El ganador del combate entre universos es... ¡¡¡¡\" + this.combatiente2.getNombre() + \"!!!!\");\n      return resultado;\n    }\n  }\n}\n\nlet charizard: Pokemon = new Pokemon(\"Charizard\", 40, 60, \"fuego\", 10, 15, 10, 100, \"Pokemon\");\nlet venusaur: Pokemon = new Pokemon(\"Venusaur\", 30, 40, \"hierba\", 15, 20, 15, 120, \"Pokemon\");\nlet goku: DragonBall = new DragonBall(\"Goku\", 35, 50, \"cheto\", 10, 20, 15, 100, \"DragonBall\");\nlet yoda: StarWars = new StarWars(\"Yoda\", 10, 5, \"mago\", 20, 15, 20, 80, \"StarWars\");\nlet hulk: Marvel = new Marvel(\"Hulk\", 50, 100, \"tanque\", 10, 30, 5, 200, \"Marvel\");\nlet superman: DC = new DC(\"Superman\", 30, 20, \"lucha\", 30, 20, 30, 120, \"DC\");\n\nlet combate1: Combat = new Combat(hulk, goku);\n\nconsole.log(combate1.start());"]},"_coverageSchema":"1a1c01bbd47fc00a2c39e90264f33305004495a9","hash":"a956eb9fbadeb5852e174e7aba6a50e4aabf08e9","contentHash":"b822e69ae472f0742fa7f51f62eaf56e55eb4ad11ae3b4d63383bf52a6d1513f"},"/home/usuario/dsi/practica6/src/ejercicio-1/Pokemon.ts":{"path":"/home/usuario/dsi/practica6/src/ejercicio-1/Pokemon.ts","statementMap":{"0":{"start":{"line":2,"column":0},"end":{"line":2,"column":62}},"1":{"start":{"line":3,"column":0},"end":{"line":3,"column":25}},"2":{"start":{"line":4,"column":18},"end":{"line":4,"column":38}},"3":{"start":{"line":21,"column":8},"end":{"line":21,"column":74}},"4":{"start":{"line":22,"column":8},"end":{"line":22,"column":33}},"5":{"start":{"line":30,"column":8},"end":{"line":30,"column":29}},"6":{"start":{"line":33,"column":0},"end":{"line":33,"column":26}}},"fnMap":{"0":{"name":"(anonymous_0)","decl":{"start":{"line":20,"column":4},"end":{"line":20,"column":5}},"loc":{"start":{"line":20,"column":86},"end":{"line":23,"column":5}},"line":20},"1":{"name":"(anonymous_1)","decl":{"start":{"line":29,"column":4},"end":{"line":29,"column":5}},"loc":{"start":{"line":29,"column":18},"end":{"line":31,"column":5}},"line":29}},"branchMap":{},"s":{"0":1,"1":1,"2":1,"3":4,"4":4,"5":0,"6":1},"f":{"0":4,"1":0},"b":{},"inputSourceMap":{"version":3,"file":"/home/usuario/dsi/practica6/src/ejercicio-1/Pokemon.ts","sources":["/home/usuario/dsi/practica6/src/ejercicio-1/Pokemon.ts"],"names":[],"mappings":";;;AAAA,uCAAoC;AAEpC;;GAEG;AACF,MAAa,OAAQ,SAAQ,iBAAO;IAErC;;;;;;;;;;OAUG;IACD,YAAY,MAAc,EAAE,IAAY,EAAE,MAAc,EAAE,IAAY,EAAE,MAAc,EACpF,OAAe,EAAE,SAAiB,EAAE,EAAU,EAAU,QAAgB;QACxE,KAAK,CAAC,MAAM,EAAE,IAAI,EAAE,MAAM,EAAE,IAAI,EAAE,MAAM,EAAE,OAAO,EAAE,SAAS,EAAE,EAAE,CAAC,CAAC;QADV,aAAQ,GAAR,QAAQ,CAAQ;IAE1E,CAAC;IAEH;;;;OAIG;IACD,WAAW;QACT,OAAO,IAAI,CAAC,QAAQ,CAAC;IACvB,CAAC;CACF;AA1BA,0BA0BA","sourcesContent":["import { Fighter } from \"./fighter\";\n\n/**\n * Esta es la clase Pokemon.\n */\n export class Pokemon extends Fighter{\n\n/**\n * Constructor de la clase Pokemon.\n * @param nombre Nombre del pokemon (Charizard, Venusaur, Blastoise...).\n * @param peso Peso del pokemon.\n * @param altura Altura del pokemon.\n * @param tipo Tipo del pokemon (fuego, agua, hierba...).\n * @param ataque Ataque del pokemon.\n * @param defensa Defensa del pokemon.\n * @param velocidad Velocidad del pokemon.\n * @param hp Vida del pokemon.\n */\n  constructor(nombre: string, peso: number, altura: number, tipo: string, ataque: number,\n    defensa: number, velocidad: number, hp: number, private universo: string) {\n    super(nombre, peso, altura, tipo, ataque, defensa, velocidad, hp);\n  }\n  \n/**\n * Este método se encarga de dar acceso al valor del atributo universo \n * aunque se acceda desde fuera de la clase Pokemon.\n * @return Devuelve el universo al que pertenece.\n */\n  getUniverso() {\n    return this.universo;\n  }\n}"]},"_coverageSchema":"1a1c01bbd47fc00a2c39e90264f33305004495a9","hash":"5ea5b99daac7b086ed06006f0191678e908d37e5","contentHash":"b5490931c5344ae37d6b9a14cdec6f94758e020f8cbaf9afddac5d347e70fd07"},"/home/usuario/dsi/practica6/src/ejercicio-1/fighter.ts":{"path":"/home/usuario/dsi/practica6/src/ejercicio-1/fighter.ts","statementMap":{"0":{"start":{"line":2,"column":0},"end":{"line":2,"column":62}},"1":{"start":{"line":3,"column":0},"end":{"line":3,"column":25}},"2":{"start":{"line":21,"column":8},"end":{"line":21,"column":29}},"3":{"start":{"line":22,"column":8},"end":{"line":22,"column":25}},"4":{"start":{"line":23,"column":8},"end":{"line":23,"column":29}},"5":{"start":{"line":24,"column":8},"end":{"line":24,"column":25}},"6":{"start":{"line":25,"column":8},"end":{"line":25,"column":29}},"7":{"start":{"line":26,"column":8},"end":{"line":26,"column":31}},"8":{"start":{"line":27,"column":8},"end":{"line":27,"column":35}},"9":{"start":{"line":28,"column":8},"end":{"line":28,"column":21}},"10":{"start":{"line":36,"column":8},"end":{"line":36,"column":27}},"11":{"start":{"line":39,"column":8},"end":{"line":39,"column":25}},"12":{"start":{"line":42,"column":8},"end":{"line":42,"column":27}},"13":{"start":{"line":45,"column":8},"end":{"line":45,"column":25}},"14":{"start":{"line":48,"column":8},"end":{"line":48,"column":27}},"15":{"start":{"line":51,"column":8},"end":{"line":51,"column":28}},"16":{"start":{"line":54,"column":8},"end":{"line":54,"column":30}},"17":{"start":{"line":57,"column":8},"end":{"line":57,"column":23}},"18":{"start":{"line":65,"column":8},"end":{"line":65,"column":22}},"19":{"start":{"line":68,"column":0},"end":{"line":68,"column":26}}},"fnMap":{"0":{"name":"(anonymous_0)","decl":{"start":{"line":20,"column":4},"end":{"line":20,"column":5}},"loc":{"start":{"line":20,"column":76},"end":{"line":29,"column":5}},"line":20},"1":{"name":"(anonymous_1)","decl":{"start":{"line":35,"column":4},"end":{"line":35,"column":5}},"loc":{"start":{"line":35,"column":16},"end":{"line":37,"column":5}},"line":35},"2":{"name":"(anonymous_2)","decl":{"start":{"line":38,"column":4},"end":{"line":38,"column":5}},"loc":{"start":{"line":38,"column":14},"end":{"line":40,"column":5}},"line":38},"3":{"name":"(anonymous_3)","decl":{"start":{"line":41,"column":4},"end":{"line":41,"column":5}},"loc":{"start":{"line":41,"column":16},"end":{"line":43,"column":5}},"line":41},"4":{"name":"(anonymous_4)","decl":{"start":{"line":44,"column":4},"end":{"line":44,"column":5}},"loc":{"start":{"line":44,"column":14},"end":{"line":46,"column":5}},"line":44},"5":{"name":"(anonymous_5)","decl":{"start":{"line":47,"column":4},"end":{"line":47,"column":5}},"loc":{"start":{"line":47,"column":16},"end":{"line":49,"column":5}},"line":47},"6":{"name":"(anonymous_6)","decl":{"start":{"line":50,"column":4},"end":{"line":50,"column":5}},"loc":{"start":{"line":50,"column":17},"end":{"line":52,"column":5}},"line":50},"7":{"name":"(anonymous_7)","decl":{"start":{"line":53,"column":4},"end":{"line":53,"column":5}},"loc":{"start":{"line":53,"column":19},"end":{"line":55,"column":5}},"line":53},"8":{"name":"(anonymous_8)","decl":{"start":{"line":56,"column":4},"end":{"line":56,"column":5}},"loc":{"start":{"line":56,"column":12},"end":{"line":58,"column":5}},"line":56},"9":{"name":"(anonymous_9)","decl":{"start":{"line":64,"column":4},"end":{"line":64,"column":5}},"loc":{"start":{"line":64,"column":15},"end":{"line":66,"column":5}},"line":64}},"branchMap":{},"s":{"0":1,"1":1,"2":12,"3":12,"4":12,"5":12,"6":12,"7":12,"8":12,"9":12,"10":33,"11":0,"12":0,"13":13,"14":5,"15":4,"16":0,"17":45,"18":9,"19":1},"f":{"0":12,"1":33,"2":0,"3":0,"4":13,"5":5,"6":4,"7":0,"8":45,"9":9},"b":{},"inputSourceMap":{"version":3,"file":"/home/usuario/dsi/practica6/src/ejercicio-1/fighter.ts","sources":["/home/usuario/dsi/practica6/src/ejercicio-1/fighter.ts"],"names":[],"mappings":";;;AAAA;;GAEG;AACF,MAAsB,OAAO;IAE5B;;;;;;;;;;;OAWG;IACH,YAAoB,MAAc,EAAU,IAAY,EAC9C,MAAc,EAAU,IAAY,EAAU,MAAc,EAC5D,OAAe,EAAU,SAAiB,EAAU,EAAU;QAFpD,WAAM,GAAN,MAAM,CAAQ;QAAU,SAAI,GAAJ,IAAI,CAAQ;QAC9C,WAAM,GAAN,MAAM,CAAQ;QAAU,SAAI,GAAJ,IAAI,CAAQ;QAAU,WAAM,GAAN,MAAM,CAAQ;QAC5D,YAAO,GAAP,OAAO,CAAQ;QAAU,cAAS,GAAT,SAAS,CAAQ;QAAU,OAAE,GAAF,EAAE,CAAQ;IAAG,CAAC;IAE5E;;;;OAIG;IACI,SAAS;QACd,OAAO,IAAI,CAAC,MAAM,CAAC;IACrB,CAAC;IAEM,OAAO;QACZ,OAAO,IAAI,CAAC,IAAI,CAAC;IACnB,CAAC;IAEM,SAAS;QACd,OAAO,IAAI,CAAC,MAAM,CAAC;IACrB,CAAC;IAEM,OAAO;QACZ,OAAO,IAAI,CAAC,IAAI,CAAC;IACnB,CAAC;IAEM,SAAS;QACd,OAAO,IAAI,CAAC,MAAM,CAAC;IACrB,CAAC;IAEM,UAAU;QACf,OAAO,IAAI,CAAC,OAAO,CAAC;IACtB,CAAC;IAEM,YAAY;QACjB,OAAO,IAAI,CAAC,SAAS,CAAC;IACxB,CAAC;IAEM,KAAK;QACV,OAAO,IAAI,CAAC,EAAE,CAAC;IACjB,CAAC;IAED;;;;OAIG;IACI,KAAK,CAAC,GAAW;QACtB,IAAI,CAAC,EAAE,GAAG,GAAG,CAAC;IAChB,CAAC;CAGF;AAjEA,0BAiEA","sourcesContent":["/**\n * Esta es la clase Fighter.\n */\n export abstract class Fighter {\n\n  /**\n   * Constructor de la clase Fighter.\n   * @param nombre Nombre del combatiente (Charizard, Goku, Yoda...).\n   * @param peso Peso del combatiente.\n   * @param altura Altura del combatiente.\n   * @param tipo Tipo del combatiente.\n   * @param ataque Ataque del combatiente.\n   * @param defensa Defensa del combatiente.\n   * @param velocidad Velocidad del combatiente.\n   * @param hp Vida del combatiente.\n   * @param potenciaUniverso La fuerza del universo.\n   */\n  constructor(private nombre: string, private peso: number,\n    private altura: number, private tipo: string, private ataque: number,\n    private defensa: number, private velocidad: number, private hp: number) {}\n  \n  /**\n   * Este método se encarga de dar acceso al valor del atributo nombre \n   * aunque se acceda desde fuera de la clase Fighter.\n   * @return Devuelve el nombre del combatiente.\n   */\n  public getNombre() {\n    return this.nombre;\n  }\n  \n  public getPeso() {\n    return this.peso;\n  }\n\n  public getAltura() {\n    return this.altura;\n  }\n\n  public getTipo() {\n    return this.tipo;\n  }\n\n  public getAtaque() {\n    return this.ataque;\n  }\n  \n  public getDefensa() {\n    return this.defensa;\n  }\n  \n  public getVelocidad() {\n    return this.velocidad;\n  }\n  \n  public getHp() {\n    return this.hp;\n  }\n\n  /**\n   * Este método se encarga de permitir modificar el valor que hay en el \n   * atributo hp incluso accediendo desde fuera de la clase Fighter.\n   * @param hp_ Es la vida del combatiente.\n   */\n  public setHp(hp_: number) {\n    this.hp = hp_;\n  }\n    \n  abstract getUniverso(): string;\n}"]},"_coverageSchema":"1a1c01bbd47fc00a2c39e90264f33305004495a9","hash":"c7fb9a1b229df774d6faed062f31fd74aab4f1b7","contentHash":"b48163106279c11347630e01ddd457157a0796ea3b1fde4b8bf883f4302859e2"},"/home/usuario/dsi/practica6/src/ejercicio-1/DragonBall.ts":{"path":"/home/usuario/dsi/practica6/src/ejercicio-1/DragonBall.ts","statementMap":{"0":{"start":{"line":2,"column":0},"end":{"line":2,"column":62}},"1":{"start":{"line":3,"column":0},"end":{"line":3,"column":28}},"2":{"start":{"line":4,"column":18},"end":{"line":4,"column":38}},"3":{"start":{"line":22,"column":8},"end":{"line":22,"column":74}},"4":{"start":{"line":23,"column":8},"end":{"line":23,"column":33}},"5":{"start":{"line":31,"column":8},"end":{"line":31,"column":29}},"6":{"start":{"line":34,"column":0},"end":{"line":34,"column":32}}},"fnMap":{"0":{"name":"(anonymous_0)","decl":{"start":{"line":21,"column":4},"end":{"line":21,"column":5}},"loc":{"start":{"line":21,"column":86},"end":{"line":24,"column":5}},"line":21},"1":{"name":"(anonymous_1)","decl":{"start":{"line":30,"column":4},"end":{"line":30,"column":5}},"loc":{"start":{"line":30,"column":18},"end":{"line":32,"column":5}},"line":30}},"branchMap":{},"s":{"0":1,"1":1,"2":1,"3":2,"4":2,"5":2,"6":1},"f":{"0":2,"1":2},"b":{},"inputSourceMap":{"version":3,"file":"/home/usuario/dsi/practica6/src/ejercicio-1/DragonBall.ts","sources":["/home/usuario/dsi/practica6/src/ejercicio-1/DragonBall.ts"],"names":[],"mappings":";;;AAAA,uCAAoC;AAEpC;;GAEG;AACH,MAAa,UAAW,SAAQ,iBAAO;IACrC;;;;;;;;;;;OAWG;IACF,YAAY,MAAc,EAAE,IAAY,EAAE,MAAc,EAAE,IAAY,EAAE,MAAc,EACrF,OAAe,EAAE,SAAiB,EAAE,EAAU,EAAU,QAAgB;QACxE,KAAK,CAAC,MAAM,EAAE,IAAI,EAAE,MAAM,EAAE,IAAI,EAAE,MAAM,EAAE,OAAO,EAAE,SAAS,EAAE,EAAE,CAAC,CAAC;QADV,aAAQ,GAAR,QAAQ,CAAQ;IAE1E,CAAC;IAED;;;;OAIG;IACH,WAAW;QACT,OAAO,IAAI,CAAC,QAAQ,CAAC;IACvB,CAAC;CACF;AA1BD,gCA0BC","sourcesContent":["import { Fighter } from \"./fighter\";\n\n/**\n * Esta es la clase DragonBall.\n */\nexport class DragonBall extends Fighter{\n  /**\n   * Constructor de la clase DragonBall.\n   * @param nombre Nombre del personaje de DragonBall (Goku, Vegeta, Bulma...).\n   * @param peso Peso del personaje de DragonBall.\n   * @param altura Altura del personaje de DragonBall.\n   * @param tipo Tipo del personaje de DragonBall.\n   * @param ataque Ataque del personaje de DragonBall.\n   * @param defensa Defensa del personaje de DragonBall.\n   * @param velocidad Velocidad del personaje de DragonBall.\n   * @param hp Vida del personaje de DragonBall.\n   * @param universo Universo al que pertenece (en este caso al universo DragonBall).\n   */\n   constructor(nombre: string, peso: number, altura: number, tipo: string, ataque: number,\n    defensa: number, velocidad: number, hp: number, private universo: string) {\n    super(nombre, peso, altura, tipo, ataque, defensa, velocidad, hp);\n  }\n\n  /**\n   * Este método se encarga de dar acceso al valor del atributo universo \n   * aunque se acceda desde fuera de la clase Star Wars.\n   * @return Devuelve el universo al que pertenece.\n   */\n  getUniverso() {\n    return this.universo;\n  }\n}"]},"_coverageSchema":"1a1c01bbd47fc00a2c39e90264f33305004495a9","hash":"c58cb99b384629ff1cfb6975f428ba517369a51c","contentHash":"965e985fbc18084f0f5ddf4d7aeaf9bd72108c7bb04d269da0c347a98ffcb9aa"},"/home/usuario/dsi/practica6/src/ejercicio-1/StarWars.ts":{"path":"/home/usuario/dsi/practica6/src/ejercicio-1/StarWars.ts","statementMap":{"0":{"start":{"line":2,"column":0},"end":{"line":2,"column":62}},"1":{"start":{"line":3,"column":0},"end":{"line":3,"column":26}},"2":{"start":{"line":4,"column":18},"end":{"line":4,"column":38}},"3":{"start":{"line":22,"column":8},"end":{"line":22,"column":74}},"4":{"start":{"line":23,"column":8},"end":{"line":23,"column":33}},"5":{"start":{"line":31,"column":8},"end":{"line":31,"column":29}},"6":{"start":{"line":34,"column":0},"end":{"line":34,"column":28}}},"fnMap":{"0":{"name":"(anonymous_0)","decl":{"start":{"line":21,"column":4},"end":{"line":21,"column":5}},"loc":{"start":{"line":21,"column":86},"end":{"line":24,"column":5}},"line":21},"1":{"name":"(anonymous_1)","decl":{"start":{"line":30,"column":4},"end":{"line":30,"column":5}},"loc":{"start":{"line":30,"column":18},"end":{"line":32,"column":5}},"line":30}},"branchMap":{},"s":{"0":1,"1":1,"2":1,"3":2,"4":2,"5":2,"6":1},"f":{"0":2,"1":2},"b":{},"inputSourceMap":{"version":3,"file":"/home/usuario/dsi/practica6/src/ejercicio-1/StarWars.ts","sources":["/home/usuario/dsi/practica6/src/ejercicio-1/StarWars.ts"],"names":[],"mappings":";;;AAAA,uCAAoC;AAEpC;;GAEG;AACH,MAAa,QAAS,SAAQ,iBAAO;IACnC;;;;;;;;;;;OAWG;IACF,YAAY,MAAc,EAAE,IAAY,EAAE,MAAc,EAAE,IAAY,EAAE,MAAc,EACrF,OAAe,EAAE,SAAiB,EAAE,EAAU,EAAU,QAAgB;QACxE,KAAK,CAAC,MAAM,EAAE,IAAI,EAAE,MAAM,EAAE,IAAI,EAAE,MAAM,EAAE,OAAO,EAAE,SAAS,EAAE,EAAE,CAAC,CAAC;QADV,aAAQ,GAAR,QAAQ,CAAQ;IAE1E,CAAC;IAED;;;;OAIG;IACH,WAAW;QACT,OAAO,IAAI,CAAC,QAAQ,CAAC;IACvB,CAAC;CACF;AA1BD,4BA0BC","sourcesContent":["import { Fighter } from \"./fighter\";\n\n/**\n * Esta es la clase StarWars.\n */\nexport class StarWars extends Fighter{\n  /**\n   * Constructor de la clase StarWars.\n   * @param nombre Nombre del personaje de Star Wars (Yoda, Leia, Darth Vader...).\n   * @param peso Peso del personaje de Star Wars.\n   * @param altura Altura del personaje de Star Wars.\n   * @param tipo Tipo del personaje de Star Wars.\n   * @param ataque Ataque del personaje de Star Wars.\n   * @param defensa Defensa del personaje de Star Wars.\n   * @param velocidad Velocidad del personaje de Star Wars.\n   * @param hp Vida del personaje de Star Wars.\n   * @param universo Universo al que pertenece (en este caso al universo Star Wars).\n   */\n   constructor(nombre: string, peso: number, altura: number, tipo: string, ataque: number,\n    defensa: number, velocidad: number, hp: number, private universo: string) {\n    super(nombre, peso, altura, tipo, ataque, defensa, velocidad, hp);\n  }\n\n  /**\n   * Este método se encarga de dar acceso al valor del atributo universo \n   * aunque se acceda desde fuera de la clase StarWars.\n   * @return Devuelve el universo al que pertenece.\n   */\n  getUniverso() {\n    return this.universo;\n  }\n}"]},"_coverageSchema":"1a1c01bbd47fc00a2c39e90264f33305004495a9","hash":"7abe9a37e594f8fb7cf0affedbccd236c79b8f60","contentHash":"76a1db37a42bda643a3c9c2418e7d5648a62e2c86a85ef44b592b51370dc9214"},"/home/usuario/dsi/practica6/src/ejercicio-1/Marvel.ts":{"path":"/home/usuario/dsi/practica6/src/ejercicio-1/Marvel.ts","statementMap":{"0":{"start":{"line":2,"column":0},"end":{"line":2,"column":62}},"1":{"start":{"line":3,"column":0},"end":{"line":3,"column":24}},"2":{"start":{"line":4,"column":18},"end":{"line":4,"column":38}},"3":{"start":{"line":22,"column":8},"end":{"line":22,"column":74}},"4":{"start":{"line":23,"column":8},"end":{"line":23,"column":33}},"5":{"start":{"line":31,"column":8},"end":{"line":31,"column":29}},"6":{"start":{"line":34,"column":0},"end":{"line":34,"column":24}}},"fnMap":{"0":{"name":"(anonymous_0)","decl":{"start":{"line":21,"column":4},"end":{"line":21,"column":5}},"loc":{"start":{"line":21,"column":86},"end":{"line":24,"column":5}},"line":21},"1":{"name":"(anonymous_1)","decl":{"start":{"line":30,"column":4},"end":{"line":30,"column":5}},"loc":{"start":{"line":30,"column":18},"end":{"line":32,"column":5}},"line":30}},"branchMap":{},"s":{"0":1,"1":1,"2":1,"3":2,"4":2,"5":2,"6":1},"f":{"0":2,"1":2},"b":{},"inputSourceMap":{"version":3,"file":"/home/usuario/dsi/practica6/src/ejercicio-1/Marvel.ts","sources":["/home/usuario/dsi/practica6/src/ejercicio-1/Marvel.ts"],"names":[],"mappings":";;;AAAA,uCAAoC;AAEpC;;GAEG;AACH,MAAa,MAAO,SAAQ,iBAAO;IACjC;;;;;;;;;;;OAWG;IACF,YAAY,MAAc,EAAE,IAAY,EAAE,MAAc,EAAE,IAAY,EAAE,MAAc,EACrF,OAAe,EAAE,SAAiB,EAAE,EAAU,EAAU,QAAgB;QACxE,KAAK,CAAC,MAAM,EAAE,IAAI,EAAE,MAAM,EAAE,IAAI,EAAE,MAAM,EAAE,OAAO,EAAE,SAAS,EAAE,EAAE,CAAC,CAAC;QADV,aAAQ,GAAR,QAAQ,CAAQ;IAE1E,CAAC;IAED;;;;OAIG;IACH,WAAW;QACT,OAAO,IAAI,CAAC,QAAQ,CAAC;IACvB,CAAC;CACF;AA1BD,wBA0BC","sourcesContent":["import { Fighter } from \"./fighter\";\n\n/**\n * Esta es la clase Marvel.\n */\nexport class Marvel extends Fighter{\n  /**\n   * Constructor de la clase Marvel.\n   * @param nombre Nombre del personaje de Marvel (Hulk, Iron Man, Thor...).\n   * @param peso Peso del personaje de Marvel.\n   * @param altura Altura del personaje de Marvel.\n   * @param tipo Tipo del personaje de Marvel.\n   * @param ataque Ataque del personaje de Marvel.\n   * @param defensa Defensa del personaje de Marvel.\n   * @param velocidad Velocidad del personaje de Marvel.\n   * @param hp Vida del personaje de Marvel.\n   * @param universo Universo al que pertenece (en este caso al universo Marvel).\n   */\n   constructor(nombre: string, peso: number, altura: number, tipo: string, ataque: number,\n    defensa: number, velocidad: number, hp: number, private universo: string) {\n    super(nombre, peso, altura, tipo, ataque, defensa, velocidad, hp);\n  }\n\n  /**\n   * Este método se encarga de dar acceso al valor del atributo universo \n   * aunque se acceda desde fuera de la clase Marvel.\n   * @return Devuelve el universo al que pertenece.\n   */\n  getUniverso() {\n    return this.universo;\n  }\n}"]},"_coverageSchema":"1a1c01bbd47fc00a2c39e90264f33305004495a9","hash":"49b2b616d825e77e88b5465b507e7bac46d1d75b","contentHash":"3ee810c0aad0f1b4b2bb47d3352e94265eab958fffef70839cd8ed2dd2a39459"},"/home/usuario/dsi/practica6/src/ejercicio-1/DC.ts":{"path":"/home/usuario/dsi/practica6/src/ejercicio-1/DC.ts","statementMap":{"0":{"start":{"line":2,"column":0},"end":{"line":2,"column":62}},"1":{"start":{"line":3,"column":0},"end":{"line":3,"column":20}},"2":{"start":{"line":4,"column":18},"end":{"line":4,"column":38}},"3":{"start":{"line":22,"column":8},"end":{"line":22,"column":74}},"4":{"start":{"line":23,"column":8},"end":{"line":23,"column":33}},"5":{"start":{"line":31,"column":8},"end":{"line":31,"column":29}},"6":{"start":{"line":34,"column":0},"end":{"line":34,"column":16}}},"fnMap":{"0":{"name":"(anonymous_0)","decl":{"start":{"line":21,"column":4},"end":{"line":21,"column":5}},"loc":{"start":{"line":21,"column":86},"end":{"line":24,"column":5}},"line":21},"1":{"name":"(anonymous_1)","decl":{"start":{"line":30,"column":4},"end":{"line":30,"column":5}},"loc":{"start":{"line":30,"column":18},"end":{"line":32,"column":5}},"line":30}},"branchMap":{},"s":{"0":1,"1":1,"2":1,"3":2,"4":2,"5":2,"6":1},"f":{"0":2,"1":2},"b":{},"inputSourceMap":{"version":3,"file":"/home/usuario/dsi/practica6/src/ejercicio-1/DC.ts","sources":["/home/usuario/dsi/practica6/src/ejercicio-1/DC.ts"],"names":[],"mappings":";;;AAAA,uCAAoC;AAEpC;;GAEG;AACH,MAAa,EAAG,SAAQ,iBAAO;IAC7B;;;;;;;;;;;OAWG;IACF,YAAY,MAAc,EAAE,IAAY,EAAE,MAAc,EAAE,IAAY,EAAE,MAAc,EACrF,OAAe,EAAE,SAAiB,EAAE,EAAU,EAAU,QAAgB;QACxE,KAAK,CAAC,MAAM,EAAE,IAAI,EAAE,MAAM,EAAE,IAAI,EAAE,MAAM,EAAE,OAAO,EAAE,SAAS,EAAE,EAAE,CAAC,CAAC;QADV,aAAQ,GAAR,QAAQ,CAAQ;IAE1E,CAAC;IAED;;;;OAIG;IACH,WAAW;QACT,OAAO,IAAI,CAAC,QAAQ,CAAC;IACvB,CAAC;CACF;AA1BD,gBA0BC","sourcesContent":["import { Fighter } from \"./fighter\";\n\n/**\n * Esta es la clase DC.\n */\nexport class DC extends Fighter{\n  /**\n   * Constructor de la clase DC.\n   * @param nombre Nombre del personaje de DC Comics (Superman, Batman, Lovezno...).\n   * @param peso Peso del personaje de DC Comics.\n   * @param altura Altura del personaje de DC Comics.\n   * @param tipo Tipo del personaje de DC Comics.\n   * @param ataque Ataque del personaje de DC Comics.\n   * @param defensa Defensa del personaje de DC Comics.\n   * @param velocidad Velocidad del personaje de DC Comics.\n   * @param hp Vida del personaje de DC Comics.\n   * @param universo Universo al que pertenece (en este caso al universo DC Comics).\n   */\n   constructor(nombre: string, peso: number, altura: number, tipo: string, ataque: number,\n    defensa: number, velocidad: number, hp: number, private universo: string) {\n    super(nombre, peso, altura, tipo, ataque, defensa, velocidad, hp);\n  }\n\n  /**\n   * Este método se encarga de dar acceso al valor del atributo universo \n   * aunque se acceda desde fuera de la clase DC.\n   * @return Devuelve el universo al que pertenece.\n   */\n  getUniverso() {\n    return this.universo;\n  }\n}"]},"_coverageSchema":"1a1c01bbd47fc00a2c39e90264f33305004495a9","hash":"499657f16505f17923abf74cb01f606df3d109be","contentHash":"1373371575c411d276ebb9f2334ec477a0aae3bd0bbddbfc2cc0b9ffbf139ad1"},"/home/usuario/dsi/practica6/src/ejercicio-2/velocidad.ts":{"path":"/home/usuario/dsi/practica6/src/ejercicio-2/velocidad.ts","statementMap":{"0":{"start":{"line":2,"column":0},"end":{"line":2,"column":62}},"1":{"start":{"line":3,"column":0},"end":{"line":3,"column":27}},"2":{"start":{"line":14,"column":8},"end":{"line":14,"column":43}},"3":{"start":{"line":15,"column":8},"end":{"line":15,"column":45}},"4":{"start":{"line":22,"column":8},"end":{"line":22,"column":34}},"5":{"start":{"line":29,"column":8},"end":{"line":29,"column":35}},"6":{"start":{"line":37,"column":24},"end":{"line":37,"column":25}},"7":{"start":{"line":38,"column":8},"end":{"line":47,"column":60}},"8":{"start":{"line":39,"column":12},"end":{"line":40,"column":45}},"9":{"start":{"line":40,"column":16},"end":{"line":40,"column":45}},"10":{"start":{"line":42,"column":13},"end":{"line":47,"column":60}},"11":{"start":{"line":43,"column":12},"end":{"line":44,"column":44}},"12":{"start":{"line":44,"column":16},"end":{"line":44,"column":44}},"13":{"start":{"line":47,"column":12},"end":{"line":47,"column":60}},"14":{"start":{"line":48,"column":8},"end":{"line":48,"column":25}},"15":{"start":{"line":51,"column":0},"end":{"line":51,"column":30}},"16":{"start":{"line":52,"column":13},"end":{"line":52,"column":68}},"17":{"start":{"line":53,"column":0},"end":{"line":53,"column":88}},"18":{"start":{"line":54,"column":13},"end":{"line":54,"column":68}},"19":{"start":{"line":55,"column":0},"end":{"line":55,"column":88}}},"fnMap":{"0":{"name":"(anonymous_0)","decl":{"start":{"line":13,"column":4},"end":{"line":13,"column":5}},"loc":{"start":{"line":13,"column":47},"end":{"line":16,"column":5}},"line":13},"1":{"name":"(anonymous_1)","decl":{"start":{"line":21,"column":4},"end":{"line":21,"column":5}},"loc":{"start":{"line":21,"column":23},"end":{"line":23,"column":5}},"line":21},"2":{"name":"(anonymous_2)","decl":{"start":{"line":28,"column":4},"end":{"line":28,"column":5}},"loc":{"start":{"line":28,"column":24},"end":{"line":30,"column":5}},"line":28},"3":{"name":"(anonymous_3)","decl":{"start":{"line":36,"column":4},"end":{"line":36,"column":5}},"loc":{"start":{"line":36,"column":21},"end":{"line":49,"column":5}},"line":36}},"branchMap":{"0":{"loc":{"start":{"line":38,"column":8},"end":{"line":47,"column":60}},"type":"if","locations":[{"start":{"line":38,"column":8},"end":{"line":47,"column":60}},{"start":{"line":38,"column":8},"end":{"line":47,"column":60}}],"line":38},"1":{"loc":{"start":{"line":39,"column":12},"end":{"line":40,"column":45}},"type":"if","locations":[{"start":{"line":39,"column":12},"end":{"line":40,"column":45}},{"start":{"line":39,"column":12},"end":{"line":40,"column":45}}],"line":39},"2":{"loc":{"start":{"line":42,"column":13},"end":{"line":47,"column":60}},"type":"if","locations":[{"start":{"line":42,"column":13},"end":{"line":47,"column":60}},{"start":{"line":42,"column":13},"end":{"line":47,"column":60}}],"line":42},"3":{"loc":{"start":{"line":43,"column":12},"end":{"line":44,"column":44}},"type":"if","locations":[{"start":{"line":43,"column":12},"end":{"line":44,"column":44}},{"start":{"line":43,"column":12},"end":{"line":44,"column":44}}],"line":43}},"s":{"0":1,"1":1,"2":4,"3":4,"4":7,"5":5,"6":4,"7":4,"8":2,"9":2,"10":2,"11":2,"12":2,"13":0,"14":4,"15":1,"16":1,"17":1,"18":1,"19":1},"f":{"0":4,"1":7,"2":5,"3":4},"b":{"0":[2,2],"1":[2,0],"2":[2,0],"3":[2,0]},"inputSourceMap":{"version":3,"file":"/home/usuario/dsi/practica6/src/ejercicio-2/velocidad.ts","sources":["/home/usuario/dsi/practica6/src/ejercicio-2/velocidad.ts"],"names":[],"mappings":";;;AAEA;;GAEG;AACH,MAAa,SAAS;IACtB;;;;OAIG;IACD,YAAoB,aAAqB,EAAU,cAAsB;QAArD,kBAAa,GAAb,aAAa,CAAQ;QAAU,mBAAc,GAAd,cAAc,CAAQ;IAAG,CAAC;IAE/E;;;OAGG;IACD,gBAAgB;QACd,OAAO,IAAI,CAAC,aAAa,CAAC;IAC5B,CAAC;IAEH;;;OAGG;IACD,iBAAiB;QACf,OAAO,IAAI,CAAC,cAAc,CAAC;IAC7B,CAAC;IAEH;;;;OAIG;IACD,SAAS,CAAC,KAAa;QAErB,IAAI,SAAS,GAAW,CAAC,CAAC;QAE1B,IAAI,IAAI,CAAC,gBAAgB,EAAE,KAAK,qBAAqB,EAAE;YACrD,IAAI,IAAI,CAAC,iBAAiB,EAAE,KAAK,iBAAiB;gBAChD,SAAS,GAAG,KAAK,GAAG,QAAQ,CAAC;SAChC;aACI,IAAI,IAAI,CAAC,gBAAgB,EAAE,KAAK,iBAAiB,EAAE;YACtD,IAAI,IAAI,CAAC,iBAAiB,EAAE,KAAK,qBAAqB;gBACpD,SAAS,GAAG,KAAK,GAAG,OAAO,CAAC;SAC/B;;YAEC,MAAM,IAAI,KAAK,CAAC,8BAA8B,CAAC,CAAC;QAClD,OAAO,SAAS,CAAC;IACnB,CAAC;CACF;AA7CD,8BA6CC;AAED,MAAM,IAAI,GAAG,IAAI,SAAS,CAAC,qBAAqB,EAAE,iBAAiB,CAAC,CAAC;AACrE,OAAO,CAAC,GAAG,CAAC,+BAA+B,GAAG,IAAI,CAAC,SAAS,CAAC,EAAE,CAAC,GAAG,mBAAmB,CAAC,CAAC;AAExF,MAAM,IAAI,GAAG,IAAI,SAAS,CAAC,iBAAiB,EAAE,qBAAqB,CAAC,CAAC;AACrE,OAAO,CAAC,GAAG,CAAC,yBAAyB,GAAG,IAAI,CAAC,SAAS,CAAC,EAAE,CAAC,GAAG,yBAAyB,CAAC,CAAC","sourcesContent":["import { isConvertible } from './isConvertible';\n\n/**\n * __Esta es la clase Velocidad.__\n */\nexport class Velocidad implements isConvertible<number> {\n/**\n * Constructor de la clase Velocidad.\n * @param primerSistema Nombre del primer sistema.\n * @param segundoSistema Nombre del segundo sistema.\n */\n  constructor(private primerSistema: string, private segundoSistema: string) {}\n\n/**\n * Este método se encarga de dar acceso al valor del atributo primerSistema aunque se acceda desde fuera de la clase Velocidad.\n * @return Devuelve el nombre del primerSistema.\n */\n  getPrimerSistema() {\n    return this.primerSistema;\n  }\n\n/**\n * Este método se encarga de dar acceso al valor del atributo segundoSistema aunque se acceda desde fuera de la clase Velocidad.\n * @return Devuelve el nombre del segundoSistema.\n */\n  getSegundoSistema() {\n    return this.segundoSistema;\n  }\n\n/**\n * Este método hace la conversión entre dos sistemas de unidades diferentes\n * @param valor El valor que tiene el sistema 1.\n * @return Devuelve el valor que tiene el sistema 2.\n */\n  conversor(valor: number): number {\n\n    let resultado: number = 0;\n\n    if (this.getPrimerSistema() === \"kilometros por hora\") {\n      if (this.getSegundoSistema() === \"millas por hora\")\n        resultado = valor * 0.621371;\n    }\n    else if (this.getPrimerSistema() === \"millas por hora\") {\n      if (this.getSegundoSistema() === \"kilometros por hora\")\n        resultado = valor * 1.60934;\n    }\n    else\n      throw new Error(\"Los sistemas no son válidos.\");\n    return resultado;\n  }\n}\n\nconst vel1 = new Velocidad(\"kilometros por hora\", \"millas por hora\");\nconsole.log(\"\\n20 kilometros por hora son \" + vel1.conversor(20) + \" millas por hora.\");\n\nconst vel2 = new Velocidad(\"millas por hora\", \"kilometros por hora\");\nconsole.log(\"20 millas por hora son \" + vel2.conversor(20) + \" kilometros por hora.\\n\");"]},"_coverageSchema":"1a1c01bbd47fc00a2c39e90264f33305004495a9","hash":"14cbaafe3f5ba770d4ad047ab83a2fc8779316c2","contentHash":"feb04aa1d5d346b6a5c2881132d8884c85bd9d44b1f55a07e2c5ba35cdbb9433"},"/home/usuario/dsi/practica6/src/ejercicio-2/masa.ts":{"path":"/home/usuario/dsi/practica6/src/ejercicio-2/masa.ts","statementMap":{"0":{"start":{"line":2,"column":0},"end":{"line":2,"column":62}},"1":{"start":{"line":3,"column":0},"end":{"line":3,"column":22}},"2":{"start":{"line":14,"column":8},"end":{"line":14,"column":43}},"3":{"start":{"line":15,"column":8},"end":{"line":15,"column":45}},"4":{"start":{"line":23,"column":8},"end":{"line":23,"column":34}},"5":{"start":{"line":31,"column":8},"end":{"line":31,"column":35}},"6":{"start":{"line":39,"column":24},"end":{"line":39,"column":25}},"7":{"start":{"line":40,"column":8},"end":{"line":49,"column":60}},"8":{"start":{"line":41,"column":12},"end":{"line":42,"column":41}},"9":{"start":{"line":42,"column":16},"end":{"line":42,"column":41}},"10":{"start":{"line":44,"column":13},"end":{"line":49,"column":60}},"11":{"start":{"line":45,"column":12},"end":{"line":46,"column":42}},"12":{"start":{"line":46,"column":16},"end":{"line":46,"column":42}},"13":{"start":{"line":49,"column":12},"end":{"line":49,"column":60}},"14":{"start":{"line":50,"column":8},"end":{"line":50,"column":25}},"15":{"start":{"line":53,"column":0},"end":{"line":53,"column":20}},"16":{"start":{"line":54,"column":14},"end":{"line":54,"column":39}},"17":{"start":{"line":55,"column":0},"end":{"line":55,"column":61}},"18":{"start":{"line":56,"column":14},"end":{"line":56,"column":39}},"19":{"start":{"line":57,"column":0},"end":{"line":57,"column":68}}},"fnMap":{"0":{"name":"(anonymous_0)","decl":{"start":{"line":13,"column":4},"end":{"line":13,"column":5}},"loc":{"start":{"line":13,"column":47},"end":{"line":16,"column":5}},"line":13},"1":{"name":"(anonymous_1)","decl":{"start":{"line":22,"column":4},"end":{"line":22,"column":5}},"loc":{"start":{"line":22,"column":23},"end":{"line":24,"column":5}},"line":22},"2":{"name":"(anonymous_2)","decl":{"start":{"line":30,"column":4},"end":{"line":30,"column":5}},"loc":{"start":{"line":30,"column":24},"end":{"line":32,"column":5}},"line":30},"3":{"name":"(anonymous_3)","decl":{"start":{"line":38,"column":4},"end":{"line":38,"column":5}},"loc":{"start":{"line":38,"column":21},"end":{"line":51,"column":5}},"line":38}},"branchMap":{"0":{"loc":{"start":{"line":40,"column":8},"end":{"line":49,"column":60}},"type":"if","locations":[{"start":{"line":40,"column":8},"end":{"line":49,"column":60}},{"start":{"line":40,"column":8},"end":{"line":49,"column":60}}],"line":40},"1":{"loc":{"start":{"line":41,"column":12},"end":{"line":42,"column":41}},"type":"if","locations":[{"start":{"line":41,"column":12},"end":{"line":42,"column":41}},{"start":{"line":41,"column":12},"end":{"line":42,"column":41}}],"line":41},"2":{"loc":{"start":{"line":44,"column":13},"end":{"line":49,"column":60}},"type":"if","locations":[{"start":{"line":44,"column":13},"end":{"line":49,"column":60}},{"start":{"line":44,"column":13},"end":{"line":49,"column":60}}],"line":44},"3":{"loc":{"start":{"line":45,"column":12},"end":{"line":46,"column":42}},"type":"if","locations":[{"start":{"line":45,"column":12},"end":{"line":46,"column":42}},{"start":{"line":45,"column":12},"end":{"line":46,"column":42}}],"line":45}},"s":{"0":1,"1":1,"2":3,"3":3,"4":4,"5":3,"6":3,"7":3,"8":2,"9":2,"10":1,"11":1,"12":1,"13":0,"14":3,"15":1,"16":1,"17":1,"18":1,"19":1},"f":{"0":3,"1":4,"2":3,"3":3},"b":{"0":[2,1],"1":[2,0],"2":[1,0],"3":[1,0]},"inputSourceMap":{"version":3,"file":"/home/usuario/dsi/practica6/src/ejercicio-2/masa.ts","sources":["/home/usuario/dsi/practica6/src/ejercicio-2/masa.ts"],"names":[],"mappings":";;;AAEA;;GAEG;AACH,MAAa,IAAI;IACjB;;;;OAIG;IACD,YAAoB,aAAqB,EAAU,cAAsB;QAArD,kBAAa,GAAb,aAAa,CAAQ;QAAU,mBAAc,GAAd,cAAc,CAAQ;IAAG,CAAC;IAE/E;;;;OAIG;IACD,gBAAgB;QACd,OAAO,IAAI,CAAC,aAAa,CAAC;IAC5B,CAAC;IAEH;;;;OAIG;IACD,iBAAiB;QACf,OAAO,IAAI,CAAC,cAAc,CAAC;IAC7B,CAAC;IAEH;;;;OAIG;IACD,SAAS,CAAC,KAAa;QAErB,IAAI,SAAS,GAAW,CAAC,CAAC;QAE1B,IAAI,IAAI,CAAC,gBAAgB,EAAE,KAAK,MAAM,EAAE;YACtC,IAAI,IAAI,CAAC,iBAAiB,EAAE,KAAK,OAAO;gBACtC,SAAS,GAAG,KAAK,GAAG,IAAI,CAAC;SAC5B;aACI,IAAI,IAAI,CAAC,gBAAgB,EAAE,KAAK,OAAO,EAAE;YAC5C,IAAI,IAAI,CAAC,iBAAiB,EAAE,KAAK,MAAM;gBACrC,SAAS,GAAG,KAAK,GAAG,KAAK,CAAC;SAC7B;;YAEC,MAAM,IAAI,KAAK,CAAC,8BAA8B,CAAC,CAAC;QAClD,OAAO,SAAS,CAAC;IACnB,CAAC;CACF;AA/CD,oBA+CC;AAED,MAAM,KAAK,GAAG,IAAI,IAAI,CAAC,MAAM,EAAE,OAAO,CAAC,CAAC;AACxC,OAAO,CAAC,GAAG,CAAC,aAAa,GAAG,KAAK,CAAC,SAAS,CAAC,CAAC,CAAC,GAAG,UAAU,CAAC,CAAC;AAE7D,MAAM,KAAK,GAAG,IAAI,IAAI,CAAC,OAAO,EAAE,MAAM,CAAC,CAAC;AACxC,OAAO,CAAC,GAAG,CAAC,kBAAkB,GAAG,KAAK,CAAC,SAAS,CAAC,IAAI,CAAC,GAAG,SAAS,CAAC,CAAC","sourcesContent":["import { isConvertible } from './isConvertible';\n\n/**\n * __Esta es la clase Masa.__\n */\nexport class Masa implements isConvertible<number> {\n/**\n * Constructor de la clase Masa.\n * @param primerSistema Nombre del primer sistema.\n * @param segundoSistema Nombre del segundo sistema.\n */\n  constructor(private primerSistema: string, private segundoSistema: string) {}\n\n/**\n * Este método se encarga de dar acceso al valor del atributo primerSistema \n * aunque se acceda desde fuera de la clase Masa.\n * @return Devuelve el nombre del primerSistema.\n */\n  getPrimerSistema() {\n    return this.primerSistema;\n  }\n\n/**\n * Este método se encarga de dar acceso al valor del atributo segundoSistema \n * aunque se acceda desde fuera de la clase Masa.\n * @return Devuelve el nombre del segundoSistema.\n */\n  getSegundoSistema() {\n    return this.segundoSistema;\n  }\n\n/**\n * Este método hace la conversión entre dos sistemas de unidades diferentes\n * @param valor El valor que tiene el sistema 1.\n * @return Devuelve el valor que tiene el sistema 2.\n */\n  conversor(valor: number): number {\n\n    let resultado: number = 0;\n\n    if (this.getPrimerSistema() === \"Kilo\") {\n      if (this.getSegundoSistema() === \"Gramo\")\n        resultado = valor * 1000;\n    }\n    else if (this.getPrimerSistema() === \"Gramo\") {\n      if (this.getSegundoSistema() === \"Kilo\")\n        resultado = valor * 0.001;\n    }\n    else\n      throw new Error(\"Los sistemas no son válidos.\");\n    return resultado;\n  }\n}\n\nconst masa1 = new Masa(\"Kilo\", \"Gramo\");\nconsole.log(\"5 kilo son \" + masa1.conversor(5) + \" gramos.\");\n\nconst masa2 = new Masa(\"Gramo\", \"Kilo\");\nconsole.log(\"5000 gramos son \" + masa2.conversor(5000) + \" kilos.\");"]},"_coverageSchema":"1a1c01bbd47fc00a2c39e90264f33305004495a9","hash":"7e27822586ff760109a0c5c53fa4281607895d4f","contentHash":"9e6fb7c1afe4d6ff91e57e22e83bdb0171b0b5b0f8ef39f9caa35a833fd29a8b"},"/home/usuario/dsi/practica6/src/ejercicio-2/longitud.ts":{"path":"/home/usuario/dsi/practica6/src/ejercicio-2/longitud.ts","statementMap":{"0":{"start":{"line":2,"column":0},"end":{"line":2,"column":62}},"1":{"start":{"line":3,"column":0},"end":{"line":3,"column":26}},"2":{"start":{"line":14,"column":8},"end":{"line":14,"column":43}},"3":{"start":{"line":15,"column":8},"end":{"line":15,"column":45}},"4":{"start":{"line":23,"column":8},"end":{"line":23,"column":34}},"5":{"start":{"line":31,"column":8},"end":{"line":31,"column":35}},"6":{"start":{"line":39,"column":24},"end":{"line":39,"column":25}},"7":{"start":{"line":40,"column":8},"end":{"line":49,"column":60}},"8":{"start":{"line":41,"column":12},"end":{"line":42,"column":48}},"9":{"start":{"line":42,"column":16},"end":{"line":42,"column":48}},"10":{"start":{"line":44,"column":13},"end":{"line":49,"column":60}},"11":{"start":{"line":45,"column":12},"end":{"line":46,"column":45}},"12":{"start":{"line":46,"column":16},"end":{"line":46,"column":45}},"13":{"start":{"line":49,"column":12},"end":{"line":49,"column":60}},"14":{"start":{"line":50,"column":8},"end":{"line":50,"column":25}},"15":{"start":{"line":53,"column":0},"end":{"line":53,"column":28}},"16":{"start":{"line":54,"column":14},"end":{"line":54,"column":46}},"17":{"start":{"line":55,"column":0},"end":{"line":55,"column":69}},"18":{"start":{"line":56,"column":14},"end":{"line":56,"column":46}},"19":{"start":{"line":57,"column":0},"end":{"line":57,"column":63}}},"fnMap":{"0":{"name":"(anonymous_0)","decl":{"start":{"line":13,"column":4},"end":{"line":13,"column":5}},"loc":{"start":{"line":13,"column":47},"end":{"line":16,"column":5}},"line":13},"1":{"name":"(anonymous_1)","decl":{"start":{"line":22,"column":4},"end":{"line":22,"column":5}},"loc":{"start":{"line":22,"column":23},"end":{"line":24,"column":5}},"line":22},"2":{"name":"(anonymous_2)","decl":{"start":{"line":30,"column":4},"end":{"line":30,"column":5}},"loc":{"start":{"line":30,"column":24},"end":{"line":32,"column":5}},"line":30},"3":{"name":"(anonymous_3)","decl":{"start":{"line":38,"column":4},"end":{"line":38,"column":5}},"loc":{"start":{"line":38,"column":21},"end":{"line":51,"column":5}},"line":38}},"branchMap":{"0":{"loc":{"start":{"line":40,"column":8},"end":{"line":49,"column":60}},"type":"if","locations":[{"start":{"line":40,"column":8},"end":{"line":49,"column":60}},{"start":{"line":40,"column":8},"end":{"line":49,"column":60}}],"line":40},"1":{"loc":{"start":{"line":41,"column":12},"end":{"line":42,"column":48}},"type":"if","locations":[{"start":{"line":41,"column":12},"end":{"line":42,"column":48}},{"start":{"line":41,"column":12},"end":{"line":42,"column":48}}],"line":41},"2":{"loc":{"start":{"line":44,"column":13},"end":{"line":49,"column":60}},"type":"if","locations":[{"start":{"line":44,"column":13},"end":{"line":49,"column":60}},{"start":{"line":44,"column":13},"end":{"line":49,"column":60}}],"line":44},"3":{"loc":{"start":{"line":45,"column":12},"end":{"line":46,"column":45}},"type":"if","locations":[{"start":{"line":45,"column":12},"end":{"line":46,"column":45}},{"start":{"line":45,"column":12},"end":{"line":46,"column":45}}],"line":45}},"s":{"0":1,"1":1,"2":3,"3":3,"4":4,"5":3,"6":3,"7":3,"8":2,"9":2,"10":1,"11":1,"12":1,"13":0,"14":3,"15":1,"16":1,"17":1,"18":1,"19":1},"f":{"0":3,"1":4,"2":3,"3":3},"b":{"0":[2,1],"1":[2,0],"2":[1,0],"3":[1,0]},"inputSourceMap":{"version":3,"file":"/home/usuario/dsi/practica6/src/ejercicio-2/longitud.ts","sources":["/home/usuario/dsi/practica6/src/ejercicio-2/longitud.ts"],"names":[],"mappings":";;;AAEA;;GAEG;AACH,MAAa,QAAQ;IACrB;;;;OAIG;IACD,YAAoB,aAAqB,EAAU,cAAsB;QAArD,kBAAa,GAAb,aAAa,CAAQ;QAAU,mBAAc,GAAd,cAAc,CAAQ;IAAG,CAAC;IAE/E;;;;OAIG;IACD,gBAAgB;QACd,OAAO,IAAI,CAAC,aAAa,CAAC;IAC5B,CAAC;IAEH;;;;OAIG;IACD,iBAAiB;QACf,OAAO,IAAI,CAAC,cAAc,CAAC;IAC7B,CAAC;IAEH;;;;OAIG;IACD,SAAS,CAAC,KAAa;QAErB,IAAI,SAAS,GAAW,CAAC,CAAC;QAE1B,IAAI,IAAI,CAAC,gBAAgB,EAAE,KAAK,QAAQ,EAAE;YACxC,IAAI,IAAI,CAAC,iBAAiB,EAAE,KAAK,QAAQ;gBACvC,SAAS,GAAG,KAAK,GAAG,WAAW,CAAC;SACnC;aACI,IAAI,IAAI,CAAC,gBAAgB,EAAE,KAAK,QAAQ,EAAE;YAC7C,IAAI,IAAI,CAAC,iBAAiB,EAAE,KAAK,QAAQ;gBACvC,SAAS,GAAG,KAAK,GAAG,IAAI,EAAC,EAAE,CAAC;SAC/B;;YAEC,MAAM,IAAI,KAAK,CAAC,8BAA8B,CAAC,CAAC;QAClD,OAAO,SAAS,CAAC;IACnB,CAAC;CACF;AA/CD,4BA+CC;AAED,MAAM,KAAK,GAAG,IAAI,QAAQ,CAAC,QAAQ,EAAE,QAAQ,CAAC,CAAC;AAC/C,OAAO,CAAC,GAAG,CAAC,kBAAkB,GAAG,KAAK,CAAC,SAAS,CAAC,IAAI,CAAC,GAAG,UAAU,CAAC,CAAC;AAErE,MAAM,KAAK,GAAG,IAAI,QAAQ,CAAC,QAAQ,EAAE,QAAQ,CAAC,CAAC;AAC/C,OAAO,CAAC,GAAG,CAAC,eAAe,GAAG,KAAK,CAAC,SAAS,CAAC,CAAC,CAAC,GAAG,UAAU,CAAC,CAAC","sourcesContent":["import { isConvertible } from './isConvertible';\n\n/**\n * __Esta es la clase Longitud.__\n */\nexport class Longitud implements isConvertible<number> {\n/**\n * Constructor de la clase Longitud.\n * @param primerSistema Nombre del primer sistema.\n * @param segundoSistema Nombre del segundo sistema.\n */\n  constructor(private primerSistema: string, private segundoSistema: string) {}\n\n/**\n * Este método se encarga de dar acceso al valor del atributo primerSistema \n * aunque se acceda desde fuera de la clase Longitud.\n * @return Devuelve el nombre del primerSistema.\n */\n  getPrimerSistema() {\n    return this.primerSistema;\n  }\n\n/**\n * Este método se encarga de dar acceso al valor del atributo segundoSistema \n * aunque se acceda desde fuera de la clase Longitud.\n * @return Devuelve el nombre del segundoSistema.\n */\n  getSegundoSistema() {\n    return this.segundoSistema;\n  }\n\n/**\n * Este método hace la conversión entre dos sistemas de unidades diferentes\n * @param valor El valor que tiene el sistema 1.\n * @return Devuelve el valor que tiene el sistema 2.\n */\n  conversor(valor: number): number {\n\n    let resultado: number = 0;\n\n    if (this.getPrimerSistema() === \"Metros\") {\n      if (this.getSegundoSistema() === \
[...]
pe serie = {\n  nombre: string;\n  año: number;\n  calificacion: number;\n}\n\n/**\n* __Esta es la clase Series.__\n*/\nexport class Series extends BasicStreamableCollection<serie> {\n/**\n * Constructor de la clase Series.\n * @param items Colección de series.\n */\n  constructor(protected items: serie[]) {\n    super(items);\n  }\n\n  /**\n   * Este método permite la búsqueda por nombre, año o calificación de la serie.\n   * @param tipo Si quieres buscar por nombre, año o calificación.\n   * @param busqueda La palabra o valor que quieres buscar.\n   */\n  search(tipo: string, busqueda: string) {\n    let result: serie[] = [];\n    switch (tipo) {\n      case ('nombre'):\n        result = this.getItem().filter((x) => (x.nombre == busqueda));\n        return result;\n        break;\n      case ('año'):\n        result = this.getItem().filter((x) => (x.año.toString() == busqueda));\n        return result;\n        break;\n      case ('calificacion'):\n        result = this.getItem().filter((x) => (x.calificacion.toString() == busqueda));\n        return result;\n        break;\n      default:\n        throw Error (\"Búsqueda de la serie fallida.\");\n        break;\n    }\n  }\n\n  /**\n   * Este método busca el ítem y devuelve la colección.\n   * @returns Devuelve la colección.\n   */\n  getItem() {\n    return this.items;\n  }\n}\n\nlet series: Series = new Series([\n  {nombre: 'La casa de papel', año: 2015, calificacion: 8.5},\n  {nombre: 'Juego de tronos', año: 2013, calificacion: 9},\n  {nombre: 'Gambito de dama', año: 2021, calificacion: 7.8},\n]);\n\nconsole.log(series.search(\"nombre\", \"Gambito de dama\"));\nconsole.log(series.search(\"año\", \"2015\"));\nconsole.log(series.search(\"calificacion\", \"9\"));"]},"_coverageSchema":"1a1c01bbd47fc00a2c39e90264f33305004495a9","hash":"f30f59d8e79c1f83fd010aed7825f2bfd5e757cc","contentHash":"34b2eacec2d5555406af90391cc4138697a70ca7138840b54d50d02190b82615"},"/home/usuario/dsi/practica6/src/ejercicio-3/basicStreamableCollection.ts":{"path":"/home/usuario/dsi/practica6/src/ejercicio-3/basicStreamableCollection.ts","statementMap":{"0":{"start":{"line":2,"column":0},"end":{"line":2,"column":62}},"1":{"start":{"line":3,"column":0},"end":{"line":3,"column":43}},"2":{"start":{"line":13,"column":8},"end":{"line":13,"column":27}},"3":{"start":{"line":24,"column":8},"end":{"line":24,"column":33}},"4":{"start":{"line":27,"column":0},"end":{"line":27,"column":62}}},"fnMap":{"0":{"name":"(anonymous_0)","decl":{"start":{"line":12,"column":4},"end":{"line":12,"column":5}},"loc":{"start":{"line":12,"column":23},"end":{"line":14,"column":5}},"line":12},"1":{"name":"(anonymous_1)","decl":{"start":{"line":23,"column":4},"end":{"line":23,"column":5}},"loc":{"start":{"line":23,"column":21},"end":{"line":25,"column":5}},"line":23}},"branchMap":{},"s":{"0":1,"1":1,"2":7,"3":1,"4":1},"f":{"0":7,"1":1},"b":{},"inputSourceMap":{"version":3,"file":"/home/usuario/dsi/practica6/src/ejercicio-3/basicStreamableCollection.ts","sources":["/home/usuario/dsi/practica6/src/ejercicio-3/basicStreamableCollection.ts"],"names":[],"mappings":";;;AAEA;;EAEE;AACF,MAAsB,yBAAyB;IAC/C;;;OAGG;IACA,YAAsB,KAAU;QAAV,UAAK,GAAL,KAAK,CAAK;IAAG,CAAC;IAErC;;;;;;;OAOG;IACH,OAAO,CAAC,OAAU;QAChB,IAAI,CAAC,KAAK,CAAC,IAAI,CAAC,OAAO,CAAC,CAAC;IAC3B,CAAC;CAeF;AAhCD,8DAgCC","sourcesContent":["import { StreamableSearch } from \"./streamableSearch\";\n\n/**\n* __Esta es la clase genérica BasicStreamableCollection.__\n*/\nexport abstract class BasicStreamableCollection<T> implements StreamableSearch<T> {\n/**\n * Constructor de la clase BasicStreamableCollection.\n * @param items Colección de series, películas o documentales.\n */\n   constructor(protected items: T[]) {}\n\n  /**\n   * Este método permite añadir un nuevo item a la colección.\n   * @param newItem Ítem que queremos añadir.\n   * Usage:\n   * ```typescript\n   * addItem(\"Juego de tronos\") = items[\"Juego de tronos\"]\n   * ```\n   */\n  addItem(newItem: T): void {\n    this.items.push(newItem);\n  }\n\n  /**\n   * Este método busca el ítem y devuelve la colección.\n   * @param searchTerm Ítem que queremos buscar.\n   * @returns Devuelve la colección.\n   */\n  abstract getItem(searchTerm: string): T[];\n\n  /**\n   * Este método permite la búsqueda por nombre, año o calificación de la serie, película o documental.\n   * @param tipo Si quieres buscar por nombre, año o calificación.\n   * @param busqueda La palabra o valor que quieres buscar.\n   */\n  abstract search(tipo: string, busqueda: string): T[];\n}"]},"_coverageSchema":"1a1c01bbd47fc00a2c39e90264f33305004495a9","hash":"3255a21244afd35b4039fc201761b1fab0453308","contentHash":"341bf0a0caa38e0e2e5f33f01d4348d3df4bc08b723c168f713df47f20c72efc"},"/home/usuario/dsi/practica6/src/ejercicio-3/peliculas.ts":{"path":"/home/usuario/dsi/practica6/src/ejercicio-3/peliculas.ts","statementMap":{"0":{"start":{"line":2,"column":0},"end":{"line":2,"column":62}},"1":{"start":{"line":3,"column":0},"end":{"line":3,"column":27}},"2":{"start":{"line":4,"column":36},"end":{"line":4,"column":74}},"3":{"start":{"line":14,"column":8},"end":{"line":14,"column":21}},"4":{"start":{"line":15,"column":8},"end":{"line":15,"column":27}},"5":{"start":{"line":23,"column":21},"end":{"line":23,"column":23}},"6":{"start":{"line":24,"column":8},"end":{"line":40,"column":9}},"7":{"start":{"line":26,"column":16},"end":{"line":26,"column":78}},"8":{"start":{"line":26,"column":55},"end":{"line":26,"column":75}},"9":{"start":{"line":27,"column":16},"end":{"line":27,"column":30}},"10":{"start":{"line":28,"column":16},"end":{"line":28,"column":22}},"11":{"start":{"line":30,"column":16},"end":{"line":30,"column":86}},"12":{"start":{"line":30,"column":55},"end":{"line":30,"column":83}},"13":{"start":{"line":31,"column":16},"end":{"line":31,"column":30}},"14":{"start":{"line":32,"column":16},"end":{"line":32,"column":22}},"15":{"start":{"line":34,"column":16},"end":{"line":34,"column":95}},"16":{"start":{"line":34,"column":55},"end":{"line":34,"column":92}},"17":{"start":{"line":35,"column":16},"end":{"line":35,"column":30}},"18":{"start":{"line":36,"column":16},"end":{"line":36,"column":22}},"19":{"start":{"line":38,"column":16},"end":{"line":38,"column":64}},"20":{"start":{"line":39,"column":16},"end":{"line":39,"column":22}},"21":{"start":{"line":47,"column":8},"end":{"line":47,"column":26}},"22":{"start":{"line":50,"column":0},"end":{"line":50,"column":30}},"23":{"start":{"line":51,"column":16},"end":{"line":55,"column":2}},"24":{"start":{"line":56,"column":0},"end":{"line":56,"column":53}},"25":{"start":{"line":57,"column":0},"end":{"line":57,"column":45}},"26":{"start":{"line":58,"column":0},"end":{"line":58,"column":53}}},"fnMap":{"0":{"name":"(anonymous_0)","decl":{"start":{"line":13,"column":4},"end":{"line":13,"column":5}},"loc":{"start":{"line":13,"column":23},"end":{"line":16,"column":5}},"line":13},"1":{"name":"(anonymous_1)","decl":{"start":{"line":22,"column":4},"end":{"line":22,"column":5}},"loc":{"start":{"line":22,"column":27},"end":{"line":41,"column":5}},"line":22},"2":{"name":"(anonymous_2)","decl":{"start":{"line":26,"column":47},"end":{"line":26,"column":48}},"loc":{"start":{"line":26,"column":55},"end":{"line":26,"column":75}},"line":26},"3":{"name":"(anonymous_3)","decl":{"start":{"line":30,"column":47},"end":{"line":30,"column":48}},"loc":{"start":{"line":30,"column":55},"end":{"line":30,"column":83}},"line":30},"4":{"name":"(anonymous_4)","decl":{"start":{"line":34,"column":47},"end":{"line":34,"column":48}},"loc":{"start":{"line":34,"column":55},"end":{"line":34,"column":92}},"line":34},"5":{"name":"(anonymous_5)","decl":{"start":{"line":46,"column":4},"end":{"line":46,"column":5}},"loc":{"start":{"line":46,"column":14},"end":{"line":48,"column":5}},"line":46}},"branchMap":{"0":{"loc":{"start":{"line":24,"column":8},"end":{"line":40,"column":9}},"type":"switch","locations":[{"start":{"line":25,"column":12},"end":{"line":28,"column":22}},{"start":{"line":29,"column":12},"end":{"line":32,"column":22}},{"start":{"line":33,"column":12},"end":{"line":36,"column":22}},{"start":{"line":37,"column":12},"end":{"line":39,"column":22}}],"line":24}},"s":{"0":1,"1":1,"2":1,"3":2,"4":2,"5":6,"6":6,"7":2,"8":6,"9":2,"10":0,"11":2,"12":6,"13":2,"14":0,"15":2,"16":6,"17":2,"18":0,"19":0,"20":0,"21":6,"22":1,"23":1,"24":1,"25":1,"26":1},"f":{"0":2,"1":6,"2":6,"3":6,"4":6,"5":6},"b":{"0":[2,2,2,0]},"inputSourceMap":{"version":3,"file":"/home/usuario/dsi/practica6/src/ejercicio-3/peliculas.ts","sources":["/home/usuario/dsi/practica6/src/ejercicio-3/peliculas.ts"],"names":[],"mappings":";;;AAAA,2EAAwE;AAcxE;;EAEE;AACF,MAAa,SAAU,SAAQ,qDAAmC;IAClE;;;OAGG;IACD,YAAsB,KAAiB;QACrC,KAAK,CAAC,KAAK,CAAC,CAAC;QADO,UAAK,GAAL,KAAK,CAAY;IAEvC,CAAC;IAED;;;;OAIG;IACH,MAAM,CAAC,IAAY,EAAE,QAAgB;QACnC,IAAI,MAAM,GAAe,EAAE,CAAC;QAC5B,QAAQ,IAAI,EAAE;YACZ,KAAK,CAAC,QAAQ,CAAC;gBACb,MAAM,GAAG,IAAI,CAAC,OAAO,EAAE,CAAC,MAAM,CAAC,CAAC,CAAC,EAAE,EAAE,CAAC,CAAC,CAAC,CAAC,MAAM,IAAI,QAAQ,CAAC,CAAC,CAAC;gBAC9D,OAAO,MAAM,CAAC;gBACd,MAAM;YACR,KAAK,CAAC,KAAK,CAAC;gBACV,MAAM,GAAG,IAAI,CAAC,OAAO,EAAE,CAAC,MAAM,CAAC,CAAC,CAAC,EAAE,EAAE,CAAC,CAAC,CAAC,CAAC,GAAG,CAAC,QAAQ,EAAE,IAAI,QAAQ,CAAC,CAAC,CAAC;gBACtE,OAAO,MAAM,CAAC;gBACd,MAAM;YACR,KAAK,CAAC,cAAc,CAAC;gBACnB,MAAM,GAAG,IAAI,CAAC,OAAO,EAAE,CAAC,MAAM,CAAC,CAAC,CAAC,EAAE,EAAE,CAAC,CAAC,CAAC,CAAC,YAAY,CAAC,QAAQ,EAAE,IAAI,QAAQ,CAAC,CAAC,CAAC;gBAC/E,OAAO,MAAM,CAAC;gBACd,MAAM;YACR;gBACE,MAAM,KAAK,CAAE,kCAAkC,CAAC,CAAC;gBACjD,MAAM;SACT;IACH,CAAC;IAED;;;OAGG;IACH,OAAO;QACL,OAAO,IAAI,CAAC,KAAK,CAAC;IACpB,CAAC;CACF;AA1CD,8BA0CC;AAED,IAAI,SAAS,GAAc,IAAI,SAAS,CAAC;IACvC,EAAC,MAAM,EAAE,cAAc,EAAE,GAAG,EAAE,IAAI,EAAE,YAAY,EAAE,GAAG,EAAC;IACtD,EAAC,MAAM,EAAE,gBAAgB,EAAE,GAAG,EAAE,IAAI,EAAE,YAAY,EAAE,EAAE,EAAC;IACvD,EAAC,MAAM,EAAE,WAAW,EAAE,GAAG,EAAE,IAAI,EAAE,YAAY,EAAE,CAAC,EAAC;CAClD,CAAC,CAAC;AAEH,OAAO,CAAC,GAAG,CAAC,SAAS,CAAC,MAAM,CAAC,QAAQ,EAAE,WAAW,CAAC,CAAC,CAAC;AACrD,OAAO,CAAC,GAAG,CAAC,SAAS,CAAC,MAAM,CAAC,KAAK,EAAE,MAAM,CAAC,CAAC,CAAC;AAC7C,OAAO,CAAC,GAAG,CAAC,SAAS,CAAC,MAAM,CAAC,cAAc,EAAE,KAAK,CAAC,CAAC,CAAC","sourcesContent":["import { BasicStreamableCollection } from \"./basicStreamableCollection\";\n\n/**\n * Atributos que posee la película.\n * @param nombre Nombre de la película.\n * @param año Año de la película.\n * @param calificacion Calificación de la película.\n */\nexport type pelicula = {\n  nombre: string;\n  año: number;\n  calificacion: number;\n}\n\n/**\n* __Esta es la clase Peliculas.__\n*/\nexport class Peliculas extends BasicStreamableCollection<pelicula> {\n/**\n * Constructor de la clase Peliculas.\n * @param items Colección de películas.\n */\n  constructor(protected items: pelicula[]) {\n    super(items);\n  }\n\n  /**\n   * Este método permite la búsqueda por nombre, año o calificación de la película.\n   * @param tipo Si quieres buscar por nombre, año o calificación.\n   * @param busqueda La palabra o valor que quieres buscar.\n   */\n  search(tipo: string, busqueda: string) {\n    let result: pelicula[] = [];\n    switch (tipo) {\n      case ('nombre'):\n        result = this.getItem().filter((x) => (x.nombre == busqueda));\n        return result;\n        break;\n      case ('año'):\n        result = this.getItem().filter((x) => (x.año.toString() == busqueda));\n        return result;\n        break;\n      case ('calificacion'):\n        result = this.getItem().filter((x) => (x.calificacion.toString() == busqueda));\n        return result;\n        break;\n      default:\n        throw Error (\"Búsqueda de la película fallida.\");\n        break;\n    }\n  }\n\n  /**\n   * Este método busca el ítem y devuelve la colección.\n   * @returns Devuelve la colección.\n   */\n  getItem() {\n    return this.items;\n  }\n}\n\nlet peliculas: Peliculas = new Peliculas([\n  {nombre: 'Star Wars IX', año: 2020, calificacion: 6.5},\n  {nombre: 'Los vengadores', año: 2018, calificacion: 10},\n  {nombre: 'Dunkerque', año: 1027, calificacion: 8},\n]);\n\nconsole.log(peliculas.search(\"nombre\", \"Dunkerque\"));\nconsole.log(peliculas.search(\"año\", \"2018\"));\nconsole.log(peliculas.search(\"calificacion\", \"6.5\"));"]},"_coverageSchema":"1a1c01bbd47fc00a2c39e90264f33305004495a9","hash":"39b3eeefc177bbdfe0a0c3e4713c8bdfb3ff1efc","contentHash":"585147ba2980379e2f5b1a11ddb9696dd9f3038311283c2cf98d1fddf945b00b"},"/home/usuario/dsi/practica6/src/ejercicio-3/documentales.ts":{"path":"/home/usuario/dsi/practica6/src/ejercicio-3/documentales.ts","statementMap":{"0":{"start":{"line":2,"column":0},"end":{"line":2,"column":62}},"1":{"start":{"line":3,"column":0},"end":{"line":3,"column":30}},"2":{"start":{"line":4,"column":36},"end":{"line":4,"column":74}},"3":{"start":{"line":14,"column":8},"end":{"line":14,"column":21}},"4":{"start":{"line":15,"column":8},"end":{"line":15,"column":27}},"5":{"start":{"line":23,"column":21},"end":{"line":23,"column":23}},"6":{"start":{"line":24,"column":8},"end":{"line":40,"column":9}},"7":{"start":{"line":26,"column":16},"end":{"line":26,"column":78}},"8":{"start":{"line":26,"column":55},"end":{"line":26,"column":75}},"9":{"start":{"line":27,"column":16},"end":{"line":27,"column":30}},"10":{"start":{"line":28,"column":16},"end":{"line":28,"column":22}},"11":{"start":{"line":30,"column":16},"end":{"line":30,"column":86}},"12":{"start":{"line":30,"column":55},"end":{"line":30,"column":83}},"13":{"start":{"line":31,"column":16},"end":{"line":31,"column":30}},"14":{"start":{"line":32,"column":16},"end":{"line":32,"column":22}},"15":{"start":{"line":34,"column":16},"end":{"line":34,"column":95}},"16":{"start":{"line":34,"column":55},"end":{"line":34,"column":92}},"17":{"start":{"line":35,"column":16},"end":{"line":35,"column":30}},"18":{"start":{"line":36,"column":16},"end":{"line":36,"column":22}},"19":{"start":{"line":38,"column":16},"end":{"line":38,"column":63}},"20":{"start":{"line":39,"column":16},"end":{"line":39,"column":22}},"21":{"start":{"line":47,"column":8},"end":{"line":47,"column":26}},"22":{"start":{"line":50,"column":0},"end":{"line":50,"column":36}},"23":{"start":{"line":51,"column":19},"end":{"line":55,"column":2}},"24":{"start":{"line":56,"column":0},"end":{"line":56,"column":63}},"25":{"start":{"line":57,"column":0},"end":{"line":57,"column":48}},"26":{"start":{"line":58,"column":0},"end":{"line":58,"column":56}}},"fnMap":{"0":{"name":"(anonymous_0)","decl":{"start":{"line":13,"column":4},"end":{"line":13,"column":5}},"loc":{"start":{"line":13,"column":23},"end":{"line":16,"column":5}},"line":13},"1":{"name":"(anonymous_1)","decl":{"start":{"line":22,"column":4},"end":{"line":22,"column":5}},"loc":{"start":{"line":22,"column":27},"end":{"line":41,"column":5}},"line":22},"2":{"name":"(anonymous_2)","decl":{"start":{"line":26,"column":47},"end":{"line":26,"column":48}},"loc":{"start":{"line":26,"column":55},"end":{"line":26,"column":75}},"line":26},"3":{"name":"(anonymous_3)","decl":{"start":{"line":30,"column":47},"end":{"line":30,"column":48}},"loc":{"start":{"line":30,"column":55},"end":{"line":30,"column":83}},"line":30},"4":{"name":"(anonymous_4)","decl":{"start":{"line":34,"column":47},"end":{"line":34,"column":48}},"loc":{"start":{"line":34,"column":55},"end":{"line":34,"column":92}},"line":34},"5":{"name":"(anonymous_5)","decl":{"start":{"line":46,"column":4},"end":{"line":46,"column":5}},"loc":{"start":{"line":46,"column":14},"end":{"line":48,"column":5}},"line":46}},"branchMap":{"0":{"loc":{"start":{"line":24,"column":8},"end":{"line":40,"column":9}},"type":"switch","locations":[{"start":{"line":25,"column":12},"end":{"line":28,"column":22}},{"start":{"line":29,"column":12},"end":{"line":32,"column":22}},{"start":{"line":33,"column":12},"end":{"line":36,"column":22}},{"start":{"line":37,"column":12},"end":{"line":39,"column":22}}],"line":24}},"s":{"0":1,"1":1,"2":1,"3":2,"4":2,"5":6,"6":6,"7":2,"8":6,"9":2,"10":0,"11":2,"12":6,"13":2,"14":0,"15":2,"16":6,"17":2,"18":0,"19":0,"20":0,"21":6,"22":1,"23":1,"24":1,"25":1,"26":1},"f":{"0":2,"1":6,"2":6,"3":6,"4":6,"5":6},"b":{"0":[2,2,2,0]},"inputSourceMap":{"version":3,"file":"/home/usuario/dsi/practica6/src/ejercicio-3/documentales.ts","sources":["/home/usuario/dsi/practica6/src/ejercicio-3/documentales.ts"],"names":[],"mappings":";;;AAAA,2EAAwE;AAcxE;;EAEE;AACF,MAAa,YAAa,SAAQ,qDAAqC;IACvE;;;OAGG;IACD,YAAsB,KAAmB;QACvC,KAAK,CAAC,KAAK,CAAC,CAAC;QADO,UAAK,GAAL,KAAK,CAAc;IAEzC,CAAC;IAED;;;;OAIG;IACH,MAAM,CAAC,IAAY,EAAE,QAAgB;QACnC,IAAI,MAAM,GAAiB,EAAE,CAAC;QAC9B,QAAQ,IAAI,EAAE;YACZ,KAAK,CAAC,QAAQ,CAAC;gBACb,MAAM,GAAG,IAAI,CAAC,OAAO,EAAE,CAAC,MAAM,CAAC,CAAC,CAAC,EAAE,EAAE,CAAC,CAAC,CAAC,CAAC,MAAM,IAAI,QAAQ,CAAC,CAAC,CAAC;gBAC9D,OAAO,MAAM,CAAC;gBACd,MAAM;YACR,KAAK,CAAC,KAAK,CAAC;gBACV,MAAM,GAAG,IAAI,CAAC,OAAO,EAAE,CAAC,MAAM,CAAC,CAAC,CAAC,EAAE,EAAE,CAAC,CAAC,CAAC,CAAC,GAAG,CAAC,QAAQ,EAAE,IAAI,QAAQ,CAAC,CAAC,CAAC;gBACtE,OAAO,MAAM,CAAC;gBACd,MAAM;YACR,KAAK,CAAC,cAAc,CAAC;gBACnB,MAAM,GAAG,IAAI,CAAC,OAAO,EAAE,CAAC,MAAM,CAAC,CAAC,CAAC,EAAE,EAAE,CAAC,CAAC,CAAC,CAAC,YAAY,CAAC,QAAQ,EAAE,IAAI,QAAQ,CAAC,CAAC,CAAC;gBAC/E,OAAO,MAAM,CAAC;gBACd,MAAM;YACR;gBACE,MAAM,KAAK,CAAE,iCAAiC,CAAC,CAAC;gBAChD,MAAM;SACT;IACH,CAAC;IAED;;;OAGG;IACH,OAAO;QACL,OAAO,IAAI,CAAC,KAAK,CAAC;IACpB,CAAC;CACF;AA1CD,oCA0CC;AAED,IAAI,YAAY,GAAiB,IAAI,YAAY,CAAC;IAChD,EAAC,MAAM,EAAE,kBAAkB,EAAE,GAAG,EAAE,IAAI,EAAE,YAAY,EAAE,GAAG,EAAC;IAC1D,EAAC,MAAM,EAAE,WAAW,EAAE,GAAG,EAAE,IAAI,EAAE,YAAY,EAAE,CAAC,EAAC;IACjD,EAAC,MAAM,EAAE,kBAAkB,EAAE,GAAG,EAAE,IAAI,EAAE,YAAY,EAAE,CAAC,EAAC;CACzD,CAAC,CAAC;AAEH,OAAO,CAAC,GAAG,CAAC,YAAY,CAAC,MAAM,CAAC,QAAQ,EAAE,kBAAkB,CAAC,CAAC,CAAC;AAC/D,OAAO,CAAC,GAAG,CAAC,YAAY,CAAC,MAAM,CAAC,KAAK,EAAE,MAAM,CAAC,CAAC,CAAC;AAChD,OAAO,CAAC,GAAG,CAAC,YAAY,CAAC,MAAM,CAAC,cAAc,EAAE,KAAK,CAAC,CAAC,CAAC","sourcesContent":["import { BasicStreamableCollection } from \"./basicStreamableCollection\";\n\n/**\n * Atributos que posee el documental.\n * @param nombre Nombre del documental.\n * @param año Año del documental.\n * @param calificacion Calificación del documental.\n */\nexport type documental = {\n  nombre: string;\n  año: number;\n  calificacion: number;\n}\n\n/**\n* __Esta es la clase Documentales.__\n*/\nexport class Documentales extends BasicStreamableCollection<documental> {\n/**\n * Constructor de la clase Documentales.\n * @param items Colección de documentales.\n */\n  constructor(protected items: documental[]) {\n    super(items);\n  }\n\n  /**\n   * Este método permite la búsqueda por nombre, año o calificación del documental.\n   * @param tipo Si quieres buscar por nombre, año o calificación.\n   * @param busqueda La palabra o valor que quieres buscar.\n   */\n  search(tipo: string, busqueda: string) {\n    let result: documental[] = [];\n    switch (tipo) {\n      case ('nombre'):\n        result = this.getItem().filter((x) => (x.nombre == busqueda));\n        return result;\n        break;\n      case ('año'):\n        result = this.getItem().filter((x) => (x.año.toString() == busqueda));\n        return result;\n        break;\n      case ('calificacion'):\n        result = this.getItem().filter((x) => (x.calificacion.toString() == busqueda));\n        return result;\n        break;\n      default:\n        throw Error (\"Búsqueda de documental fallida.\");\n        break;\n    }\n  }\n\n  /**\n   * Este método busca el ítem y devuelve la colección.\n   * @returns Devuelve la colección.\n   */\n  getItem() {\n    return this.items;\n  }\n}\n\nlet documentales: Documentales = new Documentales([\n  {nombre: 'American Factory', año: 2019, calificacion: 7.5},\n  {nombre: 'Oso polar', año: 2010, calificacion: 8},\n  {nombre: 'Líbranos del mal', año: 2006, calificacion: 9},\n]);\n\nconsole.log(documentales.search(\"nombre\", \"Líbranos del mal\"));\nconsole.log(documentales.search(\"año\", \"2010\"));\nconsole.log(documentales.search(\"calificacion\", \"7.5\"));"]},"_coverageSchema":"1a1c01bbd47fc00a2c39e90264f33305004495a9","hash":"80746636b069b62b29c2e77c495284143a1ab901","contentHash":"45a3ea90d6af609583d0a7c2cb21e77904c53867fe6ad9385259ef08f3638609"}}