TN:
SF:src/alimento.ts
FN:33,(anonymous_0)
FN:40,(anonymous_1)
FN:48,(anonymous_2)
FN:56,(anonymous_3)
FN:64,(anonymous_4)
FN:72,(anonymous_5)
FN:80,(anonymous_6)
FNF:7
FNH:7
FNDA:42,(anonymous_0)
FNDA:1,(anonymous_1)
FNDA:58,(anonymous_2)
FNDA:1,(anonymous_3)
FNDA:1,(anonymous_4)
FNDA:415,(anonymous_5)
FNDA:10,(anonymous_6)
DA:22,1
DA:33,42
DA:34,42
DA:41,1
DA:49,58
DA:57,1
DA:65,1
DA:73,415
DA:81,10
LF:9
LH:9
BRF:0
BRH:0
end_of_record
TN:
SF:src/carta.ts
FN:21,(anonymous_0)
FN:33,(anonymous_1)
FN:42,(anonymous_2)
FN:50,(anonymous_3)
FN:58,(anonymous_4)
FN:66,(anonymous_5)
FN:77,(anonymous_6)
FN:79,(anonymous_7)
FN:92,(anonymous_8)
FN:94,(anonymous_9)
FN:99,(anonymous_10)
FN:100,(anonymous_11)
FN:114,(anonymous_12)
FNF:13
FNH:13
FNDA:4,(anonymous_0)
FNDA:1,(anonymous_1)
FNDA:1,(anonymous_2)
FNDA:4,(anonymous_3)
FNDA:2,(anonymous_4)
FNDA:1,(anonymous_5)
FNDA:4,(anonymous_6)
FNDA:8,(anonymous_7)
FNDA:3,(anonymous_8)
FNDA:3,(anonymous_9)
FNDA:6,(anonymous_10)
FNDA:18,(anonymous_11)
FNDA:1,(anonymous_12)
DA:6,1
DA:12,1
DA:19,4
DA:20,4
DA:21,4
DA:22,4
DA:23,4
DA:34,1
DA:35,1
DA:43,1
DA:51,4
DA:59,2
DA:67,1
DA:68,1
DA:69,1
DA:78,4
DA:79,4
DA:80,8
DA:81,3
DA:84,4
DA:93,3
DA:94,3
DA:95,3
DA:96,2
DA:99,3
DA:100,6
DA:101,18
DA:102,1
DA:106,3
DA:115,1
DA:116,1
DA:117,1
DA:118,1
LF:33
LH:33
BRDA:80,0,0,3
BRDA:80,0,1,5
BRDA:95,1,0,2
BRDA:95,1,1,1
BRDA:101,2,0,1
BRDA:101,2,1,17
BRF:6
BRH:6
end_of_record
TN:
SF:src/comanda.ts
FN:15,(anonymous_0)
FN:22,(anonymous_1)
FN:35,(anonymous_2)
FN:47,(anonymous_3)
FN:48,(anonymous_4)
FN:64,(anonymous_5)
FN:81,(anonymous_6)
FN:93,(anonymous_7)
FN:95,(anonymous_8)
FN:111,(anonymous_9)
FN:127,(anonymous_10)
FN:129,(anonymous_11)
FN:150,(anonymous_12)
FN:153,(anonymous_13)
FNF:14
FNH:10
FNDA:2,(anonymous_0)
FNDA:5,(anonymous_1)
FNDA:2,(anonymous_2)
FNDA:0,(anonymous_3)
FNDA:0,(anonymous_4)
FNDA:2,(anonymous_5)
FNDA:1,(anonymous_6)
FNDA:0,(anonymous_7)
FNDA:0,(anonymous_8)
FNDA:1,(anonymous_9)
FNDA:3,(anonymous_10)
FNDA:3,(anonymous_11)
FNDA:1,(anonymous_12)
FNDA:1,(anonymous_13)
DA:2,1
DA:3,1
DA:4,1
DA:9,1
DA:14,2
DA:15,2
DA:23,5
DA:36,2
DA:38,2
DA:43,2
DA:44,0
DA:46,2
DA:47,0
DA:48,0
DA:49,0
DA:51,0
DA:52,0
DA:54,0
DA:55,0
DA:56,0
DA:57,0
DA:59,0
DA:64,2
DA:65,2
DA:66,2
DA:82,1
DA:84,1
DA:89,1
DA:90,0
DA:92,1
DA:93,0
DA:94,0
DA:95,0
DA:96,0
DA:98,0
DA:99,0
DA:101,0
DA:102,0
DA:103,0
DA:104,0
DA:106,0
DA:111,1
DA:112,1
DA:113,1
DA:128,3
DA:129,3
DA:130,3
DA:131,2
DA:132,1
DA:134,1
DA:135,1
DA:136,0
DA:140,3
DA:151,1
DA:153,1
DA:154,1
DA:155,1
DA:156,1
LF:58
LH:34
BRDA:43,0,0,0
BRDA:43,0,1,2
BRDA:46,1,0,0
BRDA:46,1,1,2
BRDA:50,2,0,0
BRDA:50,2,1,0
BRDA:50,2,2,0
BRDA:55,3,0,0
BRDA:55,3,1,0
BRDA:89,4,0,0
BRDA:89,4,1,1
BRDA:92,5,0,0
BRDA:92,5,1,1
BRDA:97,6,0,0
BRDA:97,6,1,0
BRDA:97,6,2,0
BRDA:102,7,0,0
BRDA:102,7,1,0
BRDA:130,8,0,2
BRDA:130,8,1,1
BRDA:131,9,0,1
BRDA:131,9,1,1
BRDA:134,10,0,1
BRDA:134,10,1,0
BRDA:135,11,0,0
BRDA:135,11,1,1
BRDA:155,12,0,1
BRDA:155,12,1,0
BRF:28
BRH:11
end_of_record
TN:
SF:src/menu.ts
FN:20,(anonymous_0)
FN:22,(anonymous_1)
FN:28,(anonymous_2)
FN:50,(anonymous_3)
FN:58,(anonymous_4)
FN:66,(anonymous_5)
FN:68,(anonymous_6)
FN:82,(anonymous_7)
FN:86,(anonymous_8)
FN:87,(anonymous_9)
FN:93,(anonymous_10)
FN:101,(anonymous_11)
FN:103,(anonymous_12)
FNF:13
FNH:13
FNDA:7,(anonymous_0)
FNDA:14,(anonymous_1)
FNDA:21,(anonymous_2)
FNDA:11,(anonymous_3)
FNDA:7,(anonymous_4)
FNDA:3,(anonymous_5)
FNDA:9,(anonymous_6)
FNDA:1,(anonymous_7)
FNDA:3,(anonymous_8)
FNDA:9,(anonymous_9)
FNDA:9,(anonymous_10)
FNDA:1,(anonymous_11)
FNDA:3,(anonymous_12)
DA:10,1
DA:18,7
DA:19,7
DA:20,7
DA:21,7
DA:22,7
DA:23,14
DA:26,7
DA:28,7
DA:29,21
DA:30,21
DA:31,7
DA:32,14
DA:33,6
DA:34,8
DA:35,7
DA:36,1
DA:37,1
DA:40,7
DA:41,7
DA:42,0
DA:51,11
DA:59,7
DA:67,3
DA:68,3
DA:69,9
DA:70,9
DA:71,9
DA:73,3
DA:83,1
DA:84,1
DA:86,1
DA:87,3
DA:88,9
DA:93,9
DA:94,1
DA:102,1
DA:103,1
DA:104,3
DA:106,1
LF:40
LH:39
BRDA:30,0,0,7
BRDA:30,0,1,14
BRDA:32,1,0,6
BRDA:32,1,1,8
BRDA:34,2,0,7
BRDA:34,2,1,1
BRDA:36,3,0,1
BRDA:36,3,1,0
BRDA:41,4,0,0
BRDA:41,4,1,7
BRF:10
BRH:8
end_of_record
TN:
SF:src/plato.ts
FN:22,(anonymous_0)
FN:32,(anonymous_1)
FN:40,(anonymous_2)
FN:48,(anonymous_3)
FN:56,(anonymous_4)
FN:64,(anonymous_5)
FN:72,(anonymous_6)
FN:74,(anonymous_7)
FN:87,(anonymous_8)
FN:89,(anonymous_9)
FN:102,(anonymous_10)
FN:103,(anonymous_11)
FNF:12
FNH:10
FNDA:17,(anonymous_0)
FNDA:23,(anonymous_1)
FNDA:4,(anonymous_2)
FNDA:22,(anonymous_3)
FNDA:1,(anonymous_4)
FNDA:4,(anonymous_5)
FNDA:44,(anonymous_6)
FNDA:138,(anonymous_7)
FNDA:17,(anonymous_8)
FNDA:57,(anonymous_9)
FNDA:0,(anonymous_10)
FNDA:0,(anonymous_11)
DA:14,1
DA:20,17
DA:22,17
DA:23,17
DA:24,17
DA:25,17
DA:33,23
DA:41,4
DA:49,22
DA:57,1
DA:65,4
DA:73,44
DA:74,44
DA:76,138
DA:77,138
DA:78,138
DA:80,44
DA:88,17
DA:89,17
DA:90,57
DA:91,57
DA:92,57
DA:94,17
DA:103,0
DA:104,0
DA:105,0
DA:106,0
DA:108,0
DA:109,0
DA:110,0
DA:111,0
DA:113,0
DA:114,0
DA:115,0
DA:116,0
DA:118,0
DA:119,0
DA:120,0
DA:121,0
DA:123,0
DA:124,0
DA:125,0
DA:126,0
DA:128,0
DA:129,0
DA:130,0
DA:131,0
DA:133,0
DA:134,0
DA:135,0
DA:136,0
DA:138,0
DA:139,0
DA:140,0
DA:141,0
DA:143,0
DA:144,0
DA:145,0
DA:146,0
DA:148,0
DA:149,0
DA:150,0
DA:151,0
DA:153,0
DA:154,0
DA:155,0
DA:156,0
DA:158,0
DA:159,0
DA:160,0
DA:161,0
DA:163,0
DA:164,0
DA:165,0
DA:166,0
DA:168,0
DA:169,0
DA:170,0
DA:171,0
DA:173,0
DA:174,0
DA:176,0
DA:177,0
DA:178,0
DA:179,0
DA:180,0
DA:181,0
DA:184,0
DA:185,0
LF:89
LH:23
BRDA:107,0,0,0
BRDA:107,0,1,0
BRDA:107,0,2,0
BRDA:107,0,3,0
BRDA:107,0,4,0
BRDA:107,0,5,0
BRDA:107,0,6,0
BRDA:107,0,7,0
BRDA:107,0,8,0
BRDA:107,0,9,0
BRDA:107,0,10,0
BRDA:107,0,11,0
BRDA:107,0,12,0
BRDA:107,0,13,0
BRDA:109,1,0,0
BRDA:109,1,1,0
BRDA:114,2,0,0
BRDA:114,2,1,0
BRDA:119,3,0,0
BRDA:119,3,1,0
BRDA:124,4,0,0
BRDA:124,4,1,0
BRDA:129,5,0,0
BRDA:129,5,1,0
BRDA:134,6,0,0
BRDA:134,6,1,0
BRDA:139,7,0,0
BRDA:139,7,1,0
BRDA:144,8,0,0
BRDA:144,8,1,0
BRDA:149,9,0,0
BRDA:149,9,1,0
BRDA:154,10,0,0
BRDA:154,10,1,0
BRDA:159,11,0,0
BRDA:159,11,1,0
BRDA:164,12,0,0
BRDA:164,12,1,0
BRDA:169,13,0,0
BRDA:169,13,1,0
BRDA:179,14,0,0
BRDA:179,14,1,0
BRF:42
BRH:0
end_of_record
