TN:
SF:src/alimento.ts
FN:33,(anonymous_0)
FN:40,(anonymous_1)
FN:48,(anonymous_2)
FN:56,(anonymous_3)
FN:64,(anonymous_4)
FN:72,(anonymous_5)
FN:80,(anonymous_6)
FNF:7
FNH:7
FNDA:42,(anonymous_0)
FNDA:1,(anonymous_1)
FNDA:58,(anonymous_2)
FNDA:1,(anonymous_3)
FNDA:1,(anonymous_4)
FNDA:415,(anonymous_5)
FNDA:13,(anonymous_6)
DA:22,1
DA:33,42
DA:34,42
DA:41,1
DA:49,58
DA:57,1
DA:65,1
DA:73,415
DA:81,13
LF:9
LH:9
BRF:0
BRH:0
end_of_record
TN:
SF:src/carta.ts
FN:21,(anonymous_0)
FN:33,(anonymous_1)
FN:42,(anonymous_2)
FN:50,(anonymous_3)
FN:58,(anonymous_4)
FN:66,(anonymous_5)
FN:77,(anonymous_6)
FN:79,(anonymous_7)
FN:92,(anonymous_8)
FN:94,(anonymous_9)
FN:99,(anonymous_10)
FN:100,(anonymous_11)
FN:114,(anonymous_12)
FNF:13
FNH:13
FNDA:4,(anonymous_0)
FNDA:1,(anonymous_1)
FNDA:1,(anonymous_2)
FNDA:4,(anonymous_3)
FNDA:2,(anonymous_4)
FNDA:1,(anonymous_5)
FNDA:4,(anonymous_6)
FNDA:8,(anonymous_7)
FNDA:3,(anonymous_8)
FNDA:3,(anonymous_9)
FNDA:6,(anonymous_10)
FNDA:18,(anonymous_11)
FNDA:1,(anonymous_12)
DA:6,1
DA:12,1
DA:19,4
DA:20,4
DA:21,4
DA:22,4
DA:23,4
DA:34,1
DA:35,1
DA:43,1
DA:51,4
DA:59,2
DA:67,1
DA:68,1
DA:69,1
DA:78,4
DA:79,4
DA:80,8
DA:81,3
DA:84,4
DA:93,3
DA:94,3
DA:95,3
DA:96,2
DA:99,3
DA:100,6
DA:101,18
DA:102,1
DA:106,3
DA:115,1
DA:116,1
DA:117,1
DA:118,1
LF:33
LH:33
BRDA:80,0,0,3
BRDA:80,0,1,5
BRDA:95,1,0,2
BRDA:95,1,1,1
BRDA:101,2,0,1
BRDA:101,2,1,17
BRF:6
BRH:6
end_of_record
TN:
SF:src/comanda.ts
FN:12,(anonymous_0)
FN:19,(anonymous_1)
FN:25,(anonymous_2)
FN:41,(anonymous_3)
FN:48,(anonymous_4)
FN:61,(anonymous_5)
FN:73,(anonymous_6)
FN:74,(anonymous_7)
FN:90,(anonymous_8)
FN:107,(anonymous_9)
FN:119,(anonymous_10)
FN:121,(anonymous_11)
FN:137,(anonymous_12)
FN:153,(anonymous_13)
FN:155,(anonymous_14)
FN:176,(anonymous_15)
FN:179,(anonymous_16)
FN:192,(anonymous_17)
FN:199,(anonymous_18)
FN:221,(anonymous_19)
FN:223,(anonymous_20)
FN:237,(anonymous_21)
FN:242,(anonymous_22)
FN:245,(anonymous_23)
FN:249,(anonymous_24)
FN:262,(anonymous_25)
FN:263,(anonymous_26)
FN:267,(anonymous_27)
FN:280,(anonymous_28)
FN:282,(anonymous_29)
FN:295,(anonymous_30)
FN:306,(anonymous_31)
FN:320,(anonymous_32)
FN:322,(anonymous_33)
FN:336,(anonymous_34)
FN:347,(anonymous_35)
FN:361,(anonymous_36)
FN:367,(anonymous_37)
FN:370,(anonymous_38)
FN:375,(anonymous_39)
FN:388,(anonymous_40)
FN:402,(anonymous_41)
FN:409,(anonymous_42)
FN:429,(anonymous_43)
FNF:44
FNH:13
FNDA:1,(anonymous_0)
FNDA:1,(anonymous_1)
FNDA:1,(anonymous_2)
FNDA:2,(anonymous_3)
FNDA:5,(anonymous_4)
FNDA:2,(anonymous_5)
FNDA:0,(anonymous_6)
FNDA:0,(anonymous_7)
FNDA:2,(anonymous_8)
FNDA:1,(anonymous_9)
FNDA:0,(anonymous_10)
FNDA:0,(anonymous_11)
FNDA:1,(anonymous_12)
FNDA:3,(anonymous_13)
FNDA:3,(anonymous_14)
FNDA:1,(anonymous_15)
FNDA:1,(anonymous_16)
FNDA:0,(anonymous_17)
FNDA:0,(anonymous_18)
FNDA:0,(anonymous_19)
FNDA:0,(anonymous_20)
FNDA:0,(anonymous_21)
FNDA:0,(anonymous_22)
FNDA:0,(anonymous_23)
FNDA:0,(anonymous_24)
FNDA:0,(anonymous_25)
FNDA:0,(anonymous_26)
FNDA:0,(anonymous_27)
FNDA:0,(anonymous_28)
FNDA:0,(anonymous_29)
FNDA:0,(anonymous_30)
FNDA:0,(anonymous_31)
FNDA:0,(anonymous_32)
FNDA:0,(anonymous_33)
FNDA:0,(anonymous_34)
FNDA:0,(anonymous_35)
FNDA:0,(anonymous_36)
FNDA:0,(anonymous_37)
FNDA:0,(anonymous_38)
FNDA:0,(anonymous_39)
FNDA:0,(anonymous_40)
FNDA:0,(anonymous_41)
FNDA:0,(anonymous_42)
FNDA:0,(anonymous_43)
DA:2,1
DA:3,1
DA:4,1
DA:5,1
DA:8,1
DA:9,1
DA:12,1
DA:13,1
DA:14,1
DA:15,1
DA:16,1
DA:19,1
DA:20,1
DA:21,1
DA:22,1
DA:25,1
DA:26,1
DA:27,1
DA:28,1
DA:34,1
DA:39,2
DA:40,2
DA:41,2
DA:49,5
DA:62,2
DA:64,2
DA:69,2
DA:70,0
DA:72,2
DA:73,0
DA:74,0
DA:75,0
DA:77,0
DA:78,0
DA:80,0
DA:81,0
DA:82,0
DA:83,0
DA:85,0
DA:90,2
DA:91,2
DA:92,2
DA:108,1
DA:110,1
DA:115,1
DA:116,0
DA:118,1
DA:119,0
DA:120,0
DA:121,0
DA:122,0
DA:124,0
DA:125,0
DA:127,0
DA:128,0
DA:129,0
DA:130,0
DA:132,0
DA:137,1
DA:138,1
DA:139,1
DA:154,3
DA:155,3
DA:156,3
DA:157,2
DA:158,1
DA:160,1
DA:161,1
DA:162,0
DA:166,3
DA:177,1
DA:179,1
DA:180,1
DA:181,1
DA:182,1
DA:193,0
DA:194,0
DA:200,0
DA:202,0
DA:203,0
DA:205,0
DA:206,0
DA:208,0
DA:209,0
DA:211,0
DA:212,0
DA:213,0
DA:222,0
DA:223,0
DA:224,0
DA:227,0
DA:238,0
DA:239,0
DA:243,0
DA:244,0
DA:245,0
DA:246,0
DA:248,0
DA:249,0
DA:250,0
DA:252,0
DA:263,0
DA:264,0
DA:265,0
DA:267,0
DA:268,0
DA:269,0
DA:271,0
DA:272,0
DA:281,0
DA:282,0
DA:283,0
DA:285,0
DA:296,0
DA:297,0
DA:307,0
DA:308,0
DA:309,0
DA:310,0
DA:312,0
DA:321,0
DA:322,0
DA:323,0
DA:326,0
DA:337,0
DA:338,0
DA:348,0
DA:349,0
DA:350,0
DA:351,0
DA:353,0
DA:362,0
DA:368,0
DA:370,0
DA:371,0
DA:373,0
DA:375,0
DA:376,0
DA:378,0
DA:380,0
DA:381,0
DA:383,0
DA:389,0
DA:390,0
DA:392,0
DA:403,0
DA:404,0
DA:411,0
DA:413,0
DA:414,0
DA:416,0
DA:417,0
DA:419,0
DA:420,0
DA:430,0
LF:155
LH:51
BRDA:12,0,0,1
BRDA:12,0,1,1
BRDA:19,1,0,1
BRDA:19,1,1,1
BRDA:25,2,0,1
BRDA:25,2,1,1
BRDA:69,3,0,0
BRDA:69,3,1,2
BRDA:72,4,0,0
BRDA:72,4,1,2
BRDA:76,5,0,0
BRDA:76,5,1,0
BRDA:76,5,2,0
BRDA:81,6,0,0
BRDA:81,6,1,0
BRDA:115,7,0,0
BRDA:115,7,1,1
BRDA:118,8,0,0
BRDA:118,8,1,1
BRDA:123,9,0,0
BRDA:123,9,1,0
BRDA:123,9,2,0
BRDA:128,10,0,0
BRDA:128,10,1,0
BRDA:156,11,0,2
BRDA:156,11,1,1
BRDA:157,12,0,1
BRDA:157,12,1,1
BRDA:160,13,0,1
BRDA:160,13,1,0
BRDA:161,14,0,0
BRDA:161,14,1,1
BRDA:181,15,0,1
BRDA:181,15,1,0
BRDA:201,16,0,0
BRDA:201,16,1,0
BRDA:201,16,2,0
BRDA:201,16,3,0
BRDA:239,17,0,0
BRDA:239,17,1,0
BRDA:264,18,0,0
BRDA:264,18,1,0
BRDA:268,19,0,0
BRDA:268,19,1,0
BRDA:297,20,0,0
BRDA:297,20,1,0
BRDA:309,21,0,0
BRDA:309,21,1,0
BRDA:338,22,0,0
BRDA:338,22,1,0
BRDA:350,23,0,0
BRDA:350,23,1,0
BRDA:369,24,0,0
BRDA:369,24,1,0
BRDA:369,24,2,0
BRDA:389,25,0,0
BRDA:389,25,1,0
BRDA:412,26,0,0
BRDA:412,26,1,0
BRDA:412,26,2,0
BRF:60
BRH:17
end_of_record
TN:
SF:src/menu.ts
FN:21,(anonymous_0)
FN:23,(anonymous_1)
FN:29,(anonymous_2)
FN:51,(anonymous_3)
FN:59,(anonymous_4)
FN:67,(anonymous_5)
FN:69,(anonymous_6)
FN:83,(anonymous_7)
FN:87,(anonymous_8)
FN:88,(anonymous_9)
FN:94,(anonymous_10)
FN:102,(anonymous_11)
FN:104,(anonymous_12)
FN:110,(anonymous_13)
FN:114,(anonymous_14)
FN:124,printMenu
FN:126,(anonymous_16)
FNF:17
FNH:13
FNDA:7,(anonymous_0)
FNDA:14,(anonymous_1)
FNDA:21,(anonymous_2)
FNDA:11,(anonymous_3)
FNDA:7,(anonymous_4)
FNDA:3,(anonymous_5)
FNDA:9,(anonymous_6)
FNDA:1,(anonymous_7)
FNDA:3,(anonymous_8)
FNDA:9,(anonymous_9)
FNDA:9,(anonymous_10)
FNDA:1,(anonymous_11)
FNDA:3,(anonymous_12)
FNDA:0,(anonymous_13)
FNDA:0,(anonymous_14)
FNDA:0,printMenu
FNDA:0,(anonymous_16)
DA:5,1
DA:11,1
DA:19,7
DA:20,7
DA:21,7
DA:22,7
DA:23,7
DA:24,14
DA:27,7
DA:29,7
DA:30,21
DA:31,21
DA:32,7
DA:33,14
DA:34,6
DA:35,8
DA:36,7
DA:37,1
DA:38,1
DA:41,7
DA:42,7
DA:43,0
DA:52,11
DA:60,7
DA:68,3
DA:69,3
DA:70,9
DA:71,9
DA:72,9
DA:74,3
DA:84,1
DA:85,1
DA:87,1
DA:88,3
DA:89,9
DA:94,9
DA:95,1
DA:103,1
DA:104,1
DA:105,3
DA:107,1
DA:111,0
DA:115,0
DA:116,0
DA:117,0
DA:119,0
DA:124,1
DA:125,0
DA:126,0
DA:127,0
DA:128,0
LF:51
LH:41
BRDA:31,0,0,7
BRDA:31,0,1,14
BRDA:33,1,0,6
BRDA:33,1,1,8
BRDA:35,2,0,7
BRDA:35,2,1,1
BRDA:37,3,0,1
BRDA:37,3,1,0
BRDA:42,4,0,0
BRDA:42,4,1,7
BRDA:116,5,0,0
BRDA:116,5,1,0
BRF:12
BRH:8
end_of_record
TN:
SF:src/plato.ts
FN:22,(anonymous_0)
FN:32,(anonymous_1)
FN:40,(anonymous_2)
FN:48,(anonymous_3)
FN:56,(anonymous_4)
FN:64,(anonymous_5)
FN:68,(anonymous_6)
FN:72,(anonymous_7)
FN:86,(anonymous_8)
FN:88,(anonymous_9)
FN:101,(anonymous_10)
FN:103,(anonymous_11)
FN:117,(anonymous_12)
FN:119,(anonymous_13)
FN:225,printPlato
FN:228,(anonymous_15)
FNF:16
FNH:12
FNDA:17,(anonymous_0)
FNDA:23,(anonymous_1)
FNDA:4,(anonymous_2)
FNDA:22,(anonymous_3)
FNDA:1,(anonymous_4)
FNDA:4,(anonymous_5)
FNDA:0,(anonymous_6)
FNDA:0,(anonymous_7)
FNDA:44,(anonymous_8)
FNDA:138,(anonymous_9)
FNDA:17,(anonymous_10)
FNDA:57,(anonymous_11)
FNDA:1,(anonymous_12)
FNDA:3,(anonymous_13)
FNDA:0,printPlato
FNDA:0,(anonymous_15)
DA:14,1
DA:20,17
DA:22,17
DA:23,17
DA:24,17
DA:25,17
DA:33,23
DA:41,4
DA:49,22
DA:57,1
DA:65,4
DA:69,0
DA:73,0
DA:74,0
DA:75,0
DA:76,0
DA:78,0
DA:87,44
DA:88,44
DA:90,138
DA:91,138
DA:92,138
DA:94,44
DA:102,17
DA:103,17
DA:104,57
DA:105,57
DA:106,57
DA:108,17
DA:118,1
DA:119,1
DA:120,3
DA:121,3
DA:123,0
DA:124,0
DA:125,0
DA:127,0
DA:129,0
DA:130,0
DA:131,0
DA:133,0
DA:135,1
DA:136,1
DA:137,0
DA:139,1
DA:141,0
DA:142,0
DA:143,0
DA:145,0
DA:147,0
DA:148,0
DA:149,0
DA:151,0
DA:153,0
DA:154,0
DA:155,0
DA:157,0
DA:159,0
DA:160,0
DA:161,0
DA:163,0
DA:165,0
DA:166,0
DA:167,0
DA:169,0
DA:171,0
DA:172,0
DA:173,0
DA:175,0
DA:177,0
DA:178,0
DA:179,0
DA:181,0
DA:183,1
DA:184,1
DA:185,0
DA:187,1
DA:189,1
DA:190,1
DA:191,0
DA:193,1
DA:195,0
DA:196,0
DA:197,0
DA:199,0
DA:206,1
DA:207,1
DA:208,1
DA:209,0
DA:210,0
DA:211,0
DA:214,1
DA:215,12
DA:216,1
DA:217,1
DA:220,1
DA:221,1
DA:225,1
DA:226,0
DA:227,0
DA:228,0
DA:229,0
DA:231,0
DA:232,0
DA:234,0
DA:235,0
DA:236,0
DA:237,0
DA:238,0
DA:239,0
LF:110
LH:46
BRDA:75,0,0,0
BRDA:75,0,1,0
BRDA:122,1,0,0
BRDA:122,1,1,0
BRDA:122,1,2,1
BRDA:122,1,3,0
BRDA:122,1,4,0
BRDA:122,1,5,0
BRDA:122,1,6,0
BRDA:122,1,7,0
BRDA:122,1,8,0
BRDA:122,1,9,0
BRDA:122,1,10,1
BRDA:122,1,11,1
BRDA:122,1,12,0
BRDA:124,2,0,0
BRDA:124,2,1,0
BRDA:130,3,0,0
BRDA:130,3,1,0
BRDA:136,4,0,0
BRDA:136,4,1,1
BRDA:142,5,0,0
BRDA:142,5,1,0
BRDA:148,6,0,0
BRDA:148,6,1,0
BRDA:154,7,0,0
BRDA:154,7,1,0
BRDA:160,8,0,0
BRDA:160,8,1,0
BRDA:166,9,0,0
BRDA:166,9,1,0
BRDA:172,10,0,0
BRDA:172,10,1,0
BRDA:178,11,0,0
BRDA:178,11,1,0
BRDA:184,12,0,0
BRDA:184,12,1,1
BRDA:190,13,0,0
BRDA:190,13,1,1
BRDA:196,14,0,0
BRDA:196,14,1,0
BRDA:209,15,0,0
BRDA:209,15,1,0
BRDA:215,16,0,1
BRDA:215,16,1,11
BRF:45
BRH:8
end_of_record
